<?xml version="1.0" encoding="UTF-8"?>
<testsuites>
  <testsuite name="CLI Arguments" tests="664" assertions="877" errors="308" failures="22" skipped="6" time="10.555134">
    <testsuite name="Tourze\WechatPayProfitShareBundle\Tests\Command\ProfitShareBillDownloadCommandTest" file="/home/admin/work/source/php-monorepo/packages/wechat-pay-profit-share-bundle/tests/Command/ProfitShareBillDownloadCommandTest.php" tests="11" assertions="45" errors="0" failures="0" skipped="2" time="1.144094">
      <testcase name="testShouldHaveRunTestsInSeparateProcesses" file="/home/admin/work/source/php-monorepo/packages/phpunit-symfony-kernel-test/src/AbstractIntegrationTestCase.php" line="726" class="Tourze\WechatPayProfitShareBundle\Tests\Command\ProfitShareBillDownloadCommandTest" classname="Tourze.WechatPayProfitShareBundle.Tests.Command.ProfitShareBillDownloadCommandTest" assertions="1" time="0.093098"/>
      <testcase name="testCommandSignatureIsFullyTested" file="/home/admin/work/source/php-monorepo/packages/phpunit-symfony-kernel-test/src/AbstractCommandTestCase.php" line="28" class="Tourze\WechatPayProfitShareBundle\Tests\Command\ProfitShareBillDownloadCommandTest" classname="Tourze.WechatPayProfitShareBundle.Tests.Command.ProfitShareBillDownloadCommandTest" assertions="5" time="0.098280"/>
      <testcase name="testExecuteWithNoTasks" file="/home/admin/work/source/php-monorepo/packages/wechat-pay-profit-share-bundle/tests/Command/ProfitShareBillDownloadCommandTest.php" line="31" class="Tourze\WechatPayProfitShareBundle\Tests\Command\ProfitShareBillDownloadCommandTest" classname="Tourze.WechatPayProfitShareBundle.Tests.Command.ProfitShareBillDownloadCommandTest" assertions="4" time="0.101484"/>
      <testcase name="testExecuteWithExpiredTask" file="/home/admin/work/source/php-monorepo/packages/wechat-pay-profit-share-bundle/tests/Command/ProfitShareBillDownloadCommandTest.php" line="99" class="Tourze\WechatPayProfitShareBundle\Tests\Command\ProfitShareBillDownloadCommandTest" classname="Tourze.WechatPayProfitShareBundle.Tests.Command.ProfitShareBillDownloadCommandTest" assertions="5" time="0.111380"/>
      <testcase name="testExecuteWithSuccessfulDownload" file="/home/admin/work/source/php-monorepo/packages/wechat-pay-profit-share-bundle/tests/Command/ProfitShareBillDownloadCommandTest.php" line="118" class="Tourze\WechatPayProfitShareBundle\Tests\Command\ProfitShareBillDownloadCommandTest" classname="Tourze.WechatPayProfitShareBundle.Tests.Command.ProfitShareBillDownloadCommandTest" assertions="8" time="0.112982"/>
      <testcase name="testExecuteWithMissingMerchant" file="/home/admin/work/source/php-monorepo/packages/wechat-pay-profit-share-bundle/tests/Command/ProfitShareBillDownloadCommandTest.php" line="139" class="Tourze\WechatPayProfitShareBundle\Tests\Command\ProfitShareBillDownloadCommandTest" classname="Tourze.WechatPayProfitShareBundle.Tests.Command.ProfitShareBillDownloadCommandTest" assertions="0" time="0.093292">
        <skipped/>
      </testcase>
      <testcase name="testExecuteWithServiceException" file="/home/admin/work/source/php-monorepo/packages/wechat-pay-profit-share-bundle/tests/Command/ProfitShareBillDownloadCommandTest.php" line="144" class="Tourze\WechatPayProfitShareBundle\Tests\Command\ProfitShareBillDownloadCommandTest" classname="Tourze.WechatPayProfitShareBundle.Tests.Command.ProfitShareBillDownloadCommandTest" assertions="0" time="0.090557">
        <skipped/>
      </testcase>
      <testcase name="testOptionDryRun" file="/home/admin/work/source/php-monorepo/packages/wechat-pay-profit-share-bundle/tests/Command/ProfitShareBillDownloadCommandTest.php" line="150" class="Tourze\WechatPayProfitShareBundle\Tests\Command\ProfitShareBillDownloadCommandTest" classname="Tourze.WechatPayProfitShareBundle.Tests.Command.ProfitShareBillDownloadCommandTest" assertions="5" time="0.111446"/>
      <testcase name="testOptionExpireDays" file="/home/admin/work/source/php-monorepo/packages/wechat-pay-profit-share-bundle/tests/Command/ProfitShareBillDownloadCommandTest.php" line="170" class="Tourze\WechatPayProfitShareBundle\Tests\Command\ProfitShareBillDownloadCommandTest" classname="Tourze.WechatPayProfitShareBundle.Tests.Command.ProfitShareBillDownloadCommandTest" assertions="5" time="0.112714"/>
      <testcase name="testOptionDownloadPath" file="/home/admin/work/source/php-monorepo/packages/wechat-pay-profit-share-bundle/tests/Command/ProfitShareBillDownloadCommandTest.php" line="189" class="Tourze\WechatPayProfitShareBundle\Tests\Command\ProfitShareBillDownloadCommandTest" classname="Tourze.WechatPayProfitShareBundle.Tests.Command.ProfitShareBillDownloadCommandTest" assertions="8" time="0.114991"/>
      <testcase name="testOptionMerchantId" file="/home/admin/work/source/php-monorepo/packages/wechat-pay-profit-share-bundle/tests/Command/ProfitShareBillDownloadCommandTest.php" line="210" class="Tourze\WechatPayProfitShareBundle\Tests\Command\ProfitShareBillDownloadCommandTest" classname="Tourze.WechatPayProfitShareBundle.Tests.Command.ProfitShareBillDownloadCommandTest" assertions="4" time="0.103870"/>
    </testsuite>
    <testsuite name="Tourze\WechatPayProfitShareBundle\Tests\Command\ProfitShareRetryCommandTest" file="/home/admin/work/source/php-monorepo/packages/wechat-pay-profit-share-bundle/tests/Command/ProfitShareRetryCommandTest.php" tests="14" assertions="21" errors="6" failures="4" skipped="0" time="1.515463">
      <testcase name="testShouldHaveRunTestsInSeparateProcesses" file="/home/admin/work/source/php-monorepo/packages/phpunit-symfony-kernel-test/src/AbstractIntegrationTestCase.php" line="726" class="Tourze\WechatPayProfitShareBundle\Tests\Command\ProfitShareRetryCommandTest" classname="Tourze.WechatPayProfitShareBundle.Tests.Command.ProfitShareRetryCommandTest" assertions="1" time="0.092078"/>
      <testcase name="testCommandSignatureIsFullyTested" file="/home/admin/work/source/php-monorepo/packages/phpunit-symfony-kernel-test/src/AbstractCommandTestCase.php" line="28" class="Tourze\WechatPayProfitShareBundle\Tests\Command\ProfitShareRetryCommandTest" classname="Tourze.WechatPayProfitShareBundle.Tests.Command.ProfitShareRetryCommandTest" assertions="5" time="0.090763"/>
      <testcase name="testExecuteWithNoReceivers" file="/home/admin/work/source/php-monorepo/packages/wechat-pay-profit-share-bundle/tests/Command/ProfitShareRetryCommandTest.php" line="35" class="Tourze\WechatPayProfitShareBundle\Tests\Command\ProfitShareRetryCommandTest" classname="Tourze.WechatPayProfitShareBundle.Tests.Command.ProfitShareRetryCommandTest" assertions="3" time="0.107299"/>
      <testcase name="testExecuteWithDryRun" file="/home/admin/work/source/php-monorepo/packages/wechat-pay-profit-share-bundle/tests/Command/ProfitShareRetryCommandTest.php" line="66" class="Tourze\WechatPayProfitShareBundle\Tests\Command\ProfitShareRetryCommandTest" classname="Tourze.WechatPayProfitShareBundle.Tests.Command.ProfitShareRetryCommandTest" assertions="0" time="0.105612">
        <error type="PHPUnit\Framework\MockObject\MethodCannotBeConfiguredException">Tourze\WechatPayProfitShareBundle\Tests\Command\ProfitShareRetryCommandTest::testExecuteWithDryRun
PHPUnit\Framework\MockObject\MethodCannotBeConfiguredException: Trying to configure method "queryProfitShareOrder" which cannot be configured because it does not exist, has not been specified, is final, or is static

/home/admin/work/source/php-monorepo/packages/wechat-pay-profit-share-bundle/tests/Command/ProfitShareRetryCommandTest.php:85</error>
      </testcase>
      <testcase name="testExecuteWithMaxRetryReached" file="/home/admin/work/source/php-monorepo/packages/wechat-pay-profit-share-bundle/tests/Command/ProfitShareRetryCommandTest.php" line="124" class="Tourze\WechatPayProfitShareBundle\Tests\Command\ProfitShareRetryCommandTest" classname="Tourze.WechatPayProfitShareBundle.Tests.Command.ProfitShareRetryCommandTest" assertions="2" time="0.119026">
        <failure type="PHPUnit\Framework\ExpectationFailedException">Tourze\WechatPayProfitShareBundle\Tests\Command\ProfitShareRetryCommandTest::testExecuteWithMaxRetryReached
Failed asserting that '\n
微信支付分账重试处理\n
====================\n
\n
开始重试失败的接收方\n
--------------------\n
\n
 0/1 [░░░░░░░░░░░░░░░░░░░░░░░░░░░░]   0% [ERROR] 重试失败：The class 'MockObject_ProfitShareReceiver_2ed5666b' was not found\n
         in the chain configured namespaces Tourze\AccessTokenBundle\Entity,    \n
         Tourze\BizRoleBundle\Entity, Tourze\DoctrineTrackBundle\Entity,        \n
         Tourze\FileStorageBundle\Entity, BizUserBundle\Entity,                 \n
         HttpClientBundle\Entity, WechatWorkBundle\Entity,                      \n
         WechatWorkInterceptRuleBundle\Entity, WechatWorkMediaBundle\Entity,    \n
         YouzanApiBundle\Entity, WechatPayBundle\Entity,                        \n
         Tourze\WechatPayProfitShareBundle\Entity                               \n
\n
' [UTF-8](length: 861) contains "最终失败数" [UTF-8](length: 15).

/home/admin/work/source/php-monorepo/packages/wechat-pay-profit-share-bundle/tests/Command/ProfitShareRetryCommandTest.php:146</failure>
      </testcase>
      <testcase name="testExecuteWithSuccessfulRetry" file="/home/admin/work/source/php-monorepo/packages/wechat-pay-profit-share-bundle/tests/Command/ProfitShareRetryCommandTest.php" line="150" class="Tourze\WechatPayProfitShareBundle\Tests\Command\ProfitShareRetryCommandTest" classname="Tourze.WechatPayProfitShareBundle.Tests.Command.ProfitShareRetryCommandTest" assertions="0" time="0.106581">
        <error type="PHPUnit\Framework\MockObject\MethodCannotBeConfiguredException">Tourze\WechatPayProfitShareBundle\Tests\Command\ProfitShareRetryCommandTest::testExecuteWithSuccessfulRetry
PHPUnit\Framework\MockObject\MethodCannotBeConfiguredException: Trying to configure method "queryProfitShareOrder" which cannot be configured because it does not exist, has not been specified, is final, or is static

/home/admin/work/source/php-monorepo/packages/wechat-pay-profit-share-bundle/tests/Command/ProfitShareRetryCommandTest.php:173</error>
      </testcase>
      <testcase name="testExecuteWithFailedRetry" file="/home/admin/work/source/php-monorepo/packages/wechat-pay-profit-share-bundle/tests/Command/ProfitShareRetryCommandTest.php" line="198" class="Tourze\WechatPayProfitShareBundle\Tests\Command\ProfitShareRetryCommandTest" classname="Tourze.WechatPayProfitShareBundle.Tests.Command.ProfitShareRetryCommandTest" assertions="0" time="0.104714">
        <error type="PHPUnit\Framework\MockObject\MethodCannotBeConfiguredException">Tourze\WechatPayProfitShareBundle\Tests\Command\ProfitShareRetryCommandTest::testExecuteWithFailedRetry
PHPUnit\Framework\MockObject\MethodCannotBeConfiguredException: Trying to configure method "queryProfitShareOrder" which cannot be configured because it does not exist, has not been specified, is final, or is static

/home/admin/work/source/php-monorepo/packages/wechat-pay-profit-share-bundle/tests/Command/ProfitShareRetryCommandTest.php:221</error>
      </testcase>
      <testcase name="testExecuteWithMissingOrder" file="/home/admin/work/source/php-monorepo/packages/wechat-pay-profit-share-bundle/tests/Command/ProfitShareRetryCommandTest.php" line="250" class="Tourze\WechatPayProfitShareBundle\Tests\Command\ProfitShareRetryCommandTest" classname="Tourze.WechatPayProfitShareBundle.Tests.Command.ProfitShareRetryCommandTest" assertions="3" time="0.120620">
        <failure type="PHPUnit\Framework\ExpectationFailedException">Tourze\WechatPayProfitShareBundle\Tests\Command\ProfitShareRetryCommandTest::testExecuteWithMissingOrder
Expectation failed for method name is "error" when invoked 1 time.
Method was expected to be called 1 time, actually called 0 times.</failure>
      </testcase>
      <testcase name="testExecuteWithMissingMerchant" file="/home/admin/work/source/php-monorepo/packages/wechat-pay-profit-share-bundle/tests/Command/ProfitShareRetryCommandTest.php" line="272" class="Tourze\WechatPayProfitShareBundle\Tests\Command\ProfitShareRetryCommandTest" classname="Tourze.WechatPayProfitShareBundle.Tests.Command.ProfitShareRetryCommandTest" assertions="3" time="0.122009">
        <failure type="PHPUnit\Framework\ExpectationFailedException">Tourze\WechatPayProfitShareBundle\Tests\Command\ProfitShareRetryCommandTest::testExecuteWithMissingMerchant
Expectation failed for method name is "error" when invoked 1 time.
Method was expected to be called 1 time, actually called 0 times.</failure>
      </testcase>
      <testcase name="testExecuteWithServiceException" file="/home/admin/work/source/php-monorepo/packages/wechat-pay-profit-share-bundle/tests/Command/ProfitShareRetryCommandTest.php" line="296" class="Tourze\WechatPayProfitShareBundle\Tests\Command\ProfitShareRetryCommandTest" classname="Tourze.WechatPayProfitShareBundle.Tests.Command.ProfitShareRetryCommandTest" assertions="0" time="0.107055">
        <error type="PHPUnit\Framework\MockObject\MethodCannotBeConfiguredException">Tourze\WechatPayProfitShareBundle\Tests\Command\ProfitShareRetryCommandTest::testExecuteWithServiceException
PHPUnit\Framework\MockObject\MethodCannotBeConfiguredException: Trying to configure method "queryProfitShareOrder" which cannot be configured because it does not exist, has not been specified, is final, or is static

/home/admin/work/source/php-monorepo/packages/wechat-pay-profit-share-bundle/tests/Command/ProfitShareRetryCommandTest.php:317</error>
      </testcase>
      <testcase name="testOptionDryRun" file="/home/admin/work/source/php-monorepo/packages/wechat-pay-profit-share-bundle/tests/Command/ProfitShareRetryCommandTest.php" line="339" class="Tourze\WechatPayProfitShareBundle\Tests\Command\ProfitShareRetryCommandTest" classname="Tourze.WechatPayProfitShareBundle.Tests.Command.ProfitShareRetryCommandTest" assertions="0" time="0.104903">
        <error type="PHPUnit\Framework\MockObject\MethodCannotBeConfiguredException">Tourze\WechatPayProfitShareBundle\Tests\Command\ProfitShareRetryCommandTest::testOptionDryRun
PHPUnit\Framework\MockObject\MethodCannotBeConfiguredException: Trying to configure method "queryProfitShareOrder" which cannot be configured because it does not exist, has not been specified, is final, or is static

/home/admin/work/source/php-monorepo/packages/wechat-pay-profit-share-bundle/tests/Command/ProfitShareRetryCommandTest.php:359</error>
      </testcase>
      <testcase name="testOptionMaxRetry" file="/home/admin/work/source/php-monorepo/packages/wechat-pay-profit-share-bundle/tests/Command/ProfitShareRetryCommandTest.php" line="369" class="Tourze\WechatPayProfitShareBundle\Tests\Command\ProfitShareRetryCommandTest" classname="Tourze.WechatPayProfitShareBundle.Tests.Command.ProfitShareRetryCommandTest" assertions="2" time="0.120315">
        <failure type="PHPUnit\Framework\ExpectationFailedException">Tourze\WechatPayProfitShareBundle\Tests\Command\ProfitShareRetryCommandTest::testOptionMaxRetry
Failed asserting that '\n
微信支付分账重试处理\n
====================\n
\n
开始重试失败的接收方\n
--------------------\n
\n
 0/1 [░░░░░░░░░░░░░░░░░░░░░░░░░░░░]   0% [ERROR] 重试失败：The class 'MockObject_ProfitShareReceiver_4938d622' was not found\n
         in the chain configured namespaces Tourze\AccessTokenBundle\Entity,    \n
         Tourze\BizRoleBundle\Entity, Tourze\DoctrineTrackBundle\Entity,        \n
         Tourze\FileStorageBundle\Entity, BizUserBundle\Entity,                 \n
         HttpClientBundle\Entity, WechatWorkBundle\Entity,                      \n
         WechatWorkInterceptRuleBundle\Entity, WechatWorkMediaBundle\Entity,    \n
         YouzanApiBundle\Entity, WechatPayBundle\Entity,                        \n
         Tourze\WechatPayProfitShareBundle\Entity                               \n
\n
' [UTF-8](length: 861) contains "最终失败数" [UTF-8](length: 15).

/home/admin/work/source/php-monorepo/packages/wechat-pay-profit-share-bundle/tests/Command/ProfitShareRetryCommandTest.php:392</failure>
      </testcase>
      <testcase name="testOptionMerchantId" file="/home/admin/work/source/php-monorepo/packages/wechat-pay-profit-share-bundle/tests/Command/ProfitShareRetryCommandTest.php" line="396" class="Tourze\WechatPayProfitShareBundle\Tests\Command\ProfitShareRetryCommandTest" classname="Tourze.WechatPayProfitShareBundle.Tests.Command.ProfitShareRetryCommandTest" assertions="2" time="0.108028"/>
      <testcase name="testOptionRetryInterval" file="/home/admin/work/source/php-monorepo/packages/wechat-pay-profit-share-bundle/tests/Command/ProfitShareRetryCommandTest.php" line="407" class="Tourze\WechatPayProfitShareBundle\Tests\Command\ProfitShareRetryCommandTest" classname="Tourze.WechatPayProfitShareBundle.Tests.Command.ProfitShareRetryCommandTest" assertions="0" time="0.106460">
        <error type="PHPUnit\Framework\MockObject\MethodCannotBeConfiguredException">Tourze\WechatPayProfitShareBundle\Tests\Command\ProfitShareRetryCommandTest::testOptionRetryInterval
PHPUnit\Framework\MockObject\MethodCannotBeConfiguredException: Trying to configure method "queryProfitShareOrder" which cannot be configured because it does not exist, has not been specified, is final, or is static

/home/admin/work/source/php-monorepo/packages/wechat-pay-profit-share-bundle/tests/Command/ProfitShareRetryCommandTest.php:427</error>
      </testcase>
    </testsuite>
    <testsuite name="Tourze\WechatPayProfitShareBundle\Tests\Command\ProfitShareSyncCommandTest" file="/home/admin/work/source/php-monorepo/packages/wechat-pay-profit-share-bundle/tests/Command/ProfitShareSyncCommandTest.php" tests="10" assertions="10" errors="3" failures="0" skipped="4" time="0.943087">
      <testcase name="testShouldHaveRunTestsInSeparateProcesses" file="/home/admin/work/source/php-monorepo/packages/phpunit-symfony-kernel-test/src/AbstractIntegrationTestCase.php" line="726" class="Tourze\WechatPayProfitShareBundle\Tests\Command\ProfitShareSyncCommandTest" classname="Tourze.WechatPayProfitShareBundle.Tests.Command.ProfitShareSyncCommandTest" assertions="1" time="0.091670"/>
      <testcase name="testCommandSignatureIsFullyTested" file="/home/admin/work/source/php-monorepo/packages/phpunit-symfony-kernel-test/src/AbstractCommandTestCase.php" line="28" class="Tourze\WechatPayProfitShareBundle\Tests\Command\ProfitShareSyncCommandTest" classname="Tourze.WechatPayProfitShareBundle.Tests.Command.ProfitShareSyncCommandTest" assertions="5" time="0.096149"/>
      <testcase name="testExecuteWithNoOrders" file="/home/admin/work/source/php-monorepo/packages/wechat-pay-profit-share-bundle/tests/Command/ProfitShareSyncCommandTest.php" line="31" class="Tourze\WechatPayProfitShareBundle\Tests\Command\ProfitShareSyncCommandTest" classname="Tourze.WechatPayProfitShareBundle.Tests.Command.ProfitShareSyncCommandTest" assertions="4" time="0.101891"/>
      <testcase name="testExecuteWithDryRun" file="/home/admin/work/source/php-monorepo/packages/wechat-pay-profit-share-bundle/tests/Command/ProfitShareSyncCommandTest.php" line="45" class="Tourze\WechatPayProfitShareBundle\Tests\Command\ProfitShareSyncCommandTest" classname="Tourze.WechatPayProfitShareBundle.Tests.Command.ProfitShareSyncCommandTest" assertions="0" time="0.099042">
        <error type="PHPUnit\Framework\MockObject\MethodCannotBeConfiguredException">Tourze\WechatPayProfitShareBundle\Tests\Command\ProfitShareSyncCommandTest::testExecuteWithDryRun
PHPUnit\Framework\MockObject\MethodCannotBeConfiguredException: Trying to configure method "queryProfitShareOrder" which cannot be configured because it does not exist, has not been specified, is final, or is static

/home/admin/work/source/php-monorepo/packages/wechat-pay-profit-share-bundle/tests/Command/ProfitShareSyncCommandTest.php:56</error>
      </testcase>
      <testcase name="testExecuteWithTimeoutOrder" file="/home/admin/work/source/php-monorepo/packages/wechat-pay-profit-share-bundle/tests/Command/ProfitShareSyncCommandTest.php" line="79" class="Tourze\WechatPayProfitShareBundle\Tests\Command\ProfitShareSyncCommandTest" classname="Tourze.WechatPayProfitShareBundle.Tests.Command.ProfitShareSyncCommandTest" assertions="0" time="0.088480">
        <skipped/>
      </testcase>
      <testcase name="testExecuteWithSuccessfulSync" file="/home/admin/work/source/php-monorepo/packages/wechat-pay-profit-share-bundle/tests/Command/ProfitShareSyncCommandTest.php" line="84" class="Tourze\WechatPayProfitShareBundle\Tests\Command\ProfitShareSyncCommandTest" classname="Tourze.WechatPayProfitShareBundle.Tests.Command.ProfitShareSyncCommandTest" assertions="0" time="0.090269">
        <skipped/>
      </testcase>
      <testcase name="testExecuteWithMissingMerchant" file="/home/admin/work/source/php-monorepo/packages/wechat-pay-profit-share-bundle/tests/Command/ProfitShareSyncCommandTest.php" line="89" class="Tourze\WechatPayProfitShareBundle\Tests\Command\ProfitShareSyncCommandTest" classname="Tourze.WechatPayProfitShareBundle.Tests.Command.ProfitShareSyncCommandTest" assertions="0" time="0.088673">
        <skipped/>
      </testcase>
      <testcase name="testExecuteWithServiceException" file="/home/admin/work/source/php-monorepo/packages/wechat-pay-profit-share-bundle/tests/Command/ProfitShareSyncCommandTest.php" line="94" class="Tourze\WechatPayProfitShareBundle\Tests\Command\ProfitShareSyncCommandTest" classname="Tourze.WechatPayProfitShareBundle.Tests.Command.ProfitShareSyncCommandTest" assertions="0" time="0.087076">
        <skipped/>
      </testcase>
      <testcase name="testOptionDryRun" file="/home/admin/work/source/php-monorepo/packages/wechat-pay-profit-share-bundle/tests/Command/ProfitShareSyncCommandTest.php" line="99" class="Tourze\WechatPayProfitShareBundle\Tests\Command\ProfitShareSyncCommandTest" classname="Tourze.WechatPayProfitShareBundle.Tests.Command.ProfitShareSyncCommandTest" assertions="0" time="0.101184">
        <error type="PHPUnit\Framework\MockObject\MethodCannotBeConfiguredException">Tourze\WechatPayProfitShareBundle\Tests\Command\ProfitShareSyncCommandTest::testOptionDryRun
PHPUnit\Framework\MockObject\MethodCannotBeConfiguredException: Trying to configure method "queryProfitShareOrder" which cannot be configured because it does not exist, has not been specified, is final, or is static

/home/admin/work/source/php-monorepo/packages/wechat-pay-profit-share-bundle/tests/Command/ProfitShareSyncCommandTest.php:110</error>
      </testcase>
      <testcase name="testOptionTimeoutHours" file="/home/admin/work/source/php-monorepo/packages/wechat-pay-profit-share-bundle/tests/Command/ProfitShareSyncCommandTest.php" line="119" class="Tourze\WechatPayProfitShareBundle\Tests\Command\ProfitShareSyncCommandTest" classname="Tourze.WechatPayProfitShareBundle.Tests.Command.ProfitShareSyncCommandTest" assertions="0" time="0.098654">
        <error type="PHPUnit\Framework\MockObject\MethodCannotBeConfiguredException">Tourze\WechatPayProfitShareBundle\Tests\Command\ProfitShareSyncCommandTest::testOptionTimeoutHours
PHPUnit\Framework\MockObject\MethodCannotBeConfiguredException: Trying to configure method "queryProfitShareOrder" which cannot be configured because it does not exist, has not been specified, is final, or is static

/home/admin/work/source/php-monorepo/packages/wechat-pay-profit-share-bundle/tests/Command/ProfitShareSyncCommandTest.php:129</error>
      </testcase>
    </testsuite>
    <testsuite name="Tourze\WechatPayProfitShareBundle\Tests\Command\ProfitShareUnfreezeCommandTest" file="/home/admin/work/source/php-monorepo/packages/wechat-pay-profit-share-bundle/tests/Command/ProfitShareUnfreezeCommandTest.php" tests="15" assertions="15" errors="9" failures="3" skipped="0" time="1.584747">
      <testcase name="testShouldHaveRunTestsInSeparateProcesses" file="/home/admin/work/source/php-monorepo/packages/phpunit-symfony-kernel-test/src/AbstractIntegrationTestCase.php" line="726" class="Tourze\WechatPayProfitShareBundle\Tests\Command\ProfitShareUnfreezeCommandTest" classname="Tourze.WechatPayProfitShareBundle.Tests.Command.ProfitShareUnfreezeCommandTest" assertions="1" time="0.092284"/>
      <testcase name="testCommandSignatureIsFullyTested" file="/home/admin/work/source/php-monorepo/packages/phpunit-symfony-kernel-test/src/AbstractCommandTestCase.php" line="28" class="Tourze\WechatPayProfitShareBundle\Tests\Command\ProfitShareUnfreezeCommandTest" classname="Tourze.WechatPayProfitShareBundle.Tests.Command.ProfitShareUnfreezeCommandTest" assertions="4" time="0.090010">
        <failure type="PHPUnit\Framework\AssertionFailedError">Tourze\WechatPayProfitShareBundle\Tests\Command\ProfitShareUnfreezeCommandTest::testCommandSignatureIsFullyTested
Missing test for option '--merchant-id'.
Please implement a public method named 'testOptionMerchantId' in test class 'Tourze\WechatPayProfitShareBundle\Tests\Command\ProfitShareUnfreezeCommandTest' to cover this case.

/home/admin/work/source/php-monorepo/packages/phpunit-symfony-kernel-test/src/AbstractCommandTestCase.php:73
/home/admin/work/source/php-monorepo/packages/phpunit-symfony-kernel-test/src/AbstractCommandTestCase.php:46</failure>
      </testcase>
      <testcase name="testExecuteWithNoOrders" file="/home/admin/work/source/php-monorepo/packages/wechat-pay-profit-share-bundle/tests/Command/ProfitShareUnfreezeCommandTest.php" line="30" class="Tourze\WechatPayProfitShareBundle\Tests\Command\ProfitShareUnfreezeCommandTest" classname="Tourze.WechatPayProfitShareBundle.Tests.Command.ProfitShareUnfreezeCommandTest" assertions="2" time="0.113594"/>
      <testcase name="testExecuteWithDryRun" file="/home/admin/work/source/php-monorepo/packages/wechat-pay-profit-share-bundle/tests/Command/ProfitShareUnfreezeCommandTest.php" line="41" class="Tourze\WechatPayProfitShareBundle\Tests\Command\ProfitShareUnfreezeCommandTest" classname="Tourze.WechatPayProfitShareBundle.Tests.Command.ProfitShareUnfreezeCommandTest" assertions="0" time="0.103519">
        <error type="PHPUnit\Framework\MockObject\MethodCannotBeConfiguredException">Tourze\WechatPayProfitShareBundle\Tests\Command\ProfitShareUnfreezeCommandTest::testExecuteWithDryRun
PHPUnit\Framework\MockObject\MethodCannotBeConfiguredException: Trying to configure method "unfreezeRemainingAmount" which cannot be configured because it does not exist, has not been specified, is final, or is static

/home/admin/work/source/php-monorepo/packages/wechat-pay-profit-share-bundle/tests/Command/ProfitShareUnfreezeCommandTest.php:51</error>
      </testcase>
      <testcase name="testExecuteWithAlreadyUnfrozenOrder" file="/home/admin/work/source/php-monorepo/packages/wechat-pay-profit-share-bundle/tests/Command/ProfitShareUnfreezeCommandTest.php" line="140" class="Tourze\WechatPayProfitShareBundle\Tests\Command\ProfitShareUnfreezeCommandTest" classname="Tourze.WechatPayProfitShareBundle.Tests.Command.ProfitShareUnfreezeCommandTest" assertions="3" time="0.120100">
        <failure type="PHPUnit\Framework\ExpectationFailedException">Tourze\WechatPayProfitShareBundle\Tests\Command\ProfitShareUnfreezeCommandTest::testExecuteWithAlreadyUnfrozenOrder
Expectation failed for method name is "info" when invoked 1 time.
Method was expected to be called 1 time, actually called 0 times.</failure>
      </testcase>
      <testcase name="testExecuteWithSuccessfulUnfreeze" file="/home/admin/work/source/php-monorepo/packages/wechat-pay-profit-share-bundle/tests/Command/ProfitShareUnfreezeCommandTest.php" line="157" class="Tourze\WechatPayProfitShareBundle\Tests\Command\ProfitShareUnfreezeCommandTest" classname="Tourze.WechatPayProfitShareBundle.Tests.Command.ProfitShareUnfreezeCommandTest" assertions="0" time="0.103216">
        <error type="PHPUnit\Framework\MockObject\MethodCannotBeConfiguredException">Tourze\WechatPayProfitShareBundle\Tests\Command\ProfitShareUnfreezeCommandTest::testExecuteWithSuccessfulUnfreeze
PHPUnit\Framework\MockObject\MethodCannotBeConfiguredException: Trying to configure method "unfreezeRemainingAmount" which cannot be configured because it does not exist, has not been specified, is final, or is static

/home/admin/work/source/php-monorepo/packages/wechat-pay-profit-share-bundle/tests/Command/ProfitShareUnfreezeCommandTest.php:165</error>
      </testcase>
      <testcase name="testExecuteWithUnfreezeStatusUnknown" file="/home/admin/work/source/php-monorepo/packages/wechat-pay-profit-share-bundle/tests/Command/ProfitShareUnfreezeCommandTest.php" line="180" class="Tourze\WechatPayProfitShareBundle\Tests\Command\ProfitShareUnfreezeCommandTest" classname="Tourze.WechatPayProfitShareBundle.Tests.Command.ProfitShareUnfreezeCommandTest" assertions="0" time="0.102594">
        <error type="PHPUnit\Framework\MockObject\MethodCannotBeConfiguredException">Tourze\WechatPayProfitShareBundle\Tests\Command\ProfitShareUnfreezeCommandTest::testExecuteWithUnfreezeStatusUnknown
PHPUnit\Framework\MockObject\MethodCannotBeConfiguredException: Trying to configure method "unfreezeRemainingAmount" which cannot be configured because it does not exist, has not been specified, is final, or is static

/home/admin/work/source/php-monorepo/packages/wechat-pay-profit-share-bundle/tests/Command/ProfitShareUnfreezeCommandTest.php:195</error>
      </testcase>
      <testcase name="testExecuteWithMissingMerchant" file="/home/admin/work/source/php-monorepo/packages/wechat-pay-profit-share-bundle/tests/Command/ProfitShareUnfreezeCommandTest.php" line="212" class="Tourze\WechatPayProfitShareBundle\Tests\Command\ProfitShareUnfreezeCommandTest" classname="Tourze.WechatPayProfitShareBundle.Tests.Command.ProfitShareUnfreezeCommandTest" assertions="3" time="0.122323">
        <failure type="PHPUnit\Framework\ExpectationFailedException">Tourze\WechatPayProfitShareBundle\Tests\Command\ProfitShareUnfreezeCommandTest::testExecuteWithMissingMerchant
Expectation failed for method name is "error" when invoked 1 time.
Method was expected to be called 1 time, actually called 0 times.</failure>
      </testcase>
      <testcase name="testExecuteWithServiceException" file="/home/admin/work/source/php-monorepo/packages/wechat-pay-profit-share-bundle/tests/Command/ProfitShareUnfreezeCommandTest.php" line="232" class="Tourze\WechatPayProfitShareBundle\Tests\Command\ProfitShareUnfreezeCommandTest" classname="Tourze.WechatPayProfitShareBundle.Tests.Command.ProfitShareUnfreezeCommandTest" assertions="0" time="0.103692">
        <error type="PHPUnit\Framework\MockObject\MethodCannotBeConfiguredException">Tourze\WechatPayProfitShareBundle\Tests\Command\ProfitShareUnfreezeCommandTest::testExecuteWithServiceException
PHPUnit\Framework\MockObject\MethodCannotBeConfiguredException: Trying to configure method "unfreezeRemainingAmount" which cannot be configured because it does not exist, has not been specified, is final, or is static

/home/admin/work/source/php-monorepo/packages/wechat-pay-profit-share-bundle/tests/Command/ProfitShareUnfreezeCommandTest.php:246</error>
      </testcase>
      <testcase name="testExecuteWithForceUnfreeze" file="/home/admin/work/source/php-monorepo/packages/wechat-pay-profit-share-bundle/tests/Command/ProfitShareUnfreezeCommandTest.php" line="260" class="Tourze\WechatPayProfitShareBundle\Tests\Command\ProfitShareUnfreezeCommandTest" classname="Tourze.WechatPayProfitShareBundle.Tests.Command.ProfitShareUnfreezeCommandTest" assertions="0" time="0.105472">
        <error type="PHPUnit\Framework\MockObject\MethodCannotBeConfiguredException">Tourze\WechatPayProfitShareBundle\Tests\Command\ProfitShareUnfreezeCommandTest::testExecuteWithForceUnfreeze
PHPUnit\Framework\MockObject\MethodCannotBeConfiguredException: Trying to configure method "unfreezeRemainingAmount" which cannot be configured because it does not exist, has not been specified, is final, or is static

/home/admin/work/source/php-monorepo/packages/wechat-pay-profit-share-bundle/tests/Command/ProfitShareUnfreezeCommandTest.php:267</error>
      </testcase>
      <testcase name="testExecuteWithSpecificMerchant" file="/home/admin/work/source/php-monorepo/packages/wechat-pay-profit-share-bundle/tests/Command/ProfitShareUnfreezeCommandTest.php" line="295" class="Tourze\WechatPayProfitShareBundle\Tests\Command\ProfitShareUnfreezeCommandTest" classname="Tourze.WechatPayProfitShareBundle.Tests.Command.ProfitShareUnfreezeCommandTest" assertions="2" time="0.110838"/>
      <testcase name="testExecuteWithCustomUnfreezeHours" file="/home/admin/work/source/php-monorepo/packages/wechat-pay-profit-share-bundle/tests/Command/ProfitShareUnfreezeCommandTest.php" line="306" class="Tourze\WechatPayProfitShareBundle\Tests\Command\ProfitShareUnfreezeCommandTest" classname="Tourze.WechatPayProfitShareBundle.Tests.Command.ProfitShareUnfreezeCommandTest" assertions="0" time="0.108762">
        <error type="PHPUnit\Framework\MockObject\MethodCannotBeConfiguredException">Tourze\WechatPayProfitShareBundle\Tests\Command\ProfitShareUnfreezeCommandTest::testExecuteWithCustomUnfreezeHours
PHPUnit\Framework\MockObject\MethodCannotBeConfiguredException: Trying to configure method "unfreezeRemainingAmount" which cannot be configured because it does not exist, has not been specified, is final, or is static

/home/admin/work/source/php-monorepo/packages/wechat-pay-profit-share-bundle/tests/Command/ProfitShareUnfreezeCommandTest.php:316</error>
      </testcase>
      <testcase name="testOptionDryRun" file="/home/admin/work/source/php-monorepo/packages/wechat-pay-profit-share-bundle/tests/Command/ProfitShareUnfreezeCommandTest.php" line="325" class="Tourze\WechatPayProfitShareBundle\Tests\Command\ProfitShareUnfreezeCommandTest" classname="Tourze.WechatPayProfitShareBundle.Tests.Command.ProfitShareUnfreezeCommandTest" assertions="0" time="0.104164">
        <error type="PHPUnit\Framework\MockObject\MethodCannotBeConfiguredException">Tourze\WechatPayProfitShareBundle\Tests\Command\ProfitShareUnfreezeCommandTest::testOptionDryRun
PHPUnit\Framework\MockObject\MethodCannotBeConfiguredException: Trying to configure method "unfreezeRemainingAmount" which cannot be configured because it does not exist, has not been specified, is final, or is static

/home/admin/work/source/php-monorepo/packages/wechat-pay-profit-share-bundle/tests/Command/ProfitShareUnfreezeCommandTest.php:335</error>
      </testcase>
      <testcase name="testOptionUnfreezeHours" file="/home/admin/work/source/php-monorepo/packages/wechat-pay-profit-share-bundle/tests/Command/ProfitShareUnfreezeCommandTest.php" line="345" class="Tourze\WechatPayProfitShareBundle\Tests\Command\ProfitShareUnfreezeCommandTest" classname="Tourze.WechatPayProfitShareBundle.Tests.Command.ProfitShareUnfreezeCommandTest" assertions="0" time="0.102991">
        <error type="PHPUnit\Framework\MockObject\MethodCannotBeConfiguredException">Tourze\WechatPayProfitShareBundle\Tests\Command\ProfitShareUnfreezeCommandTest::testOptionUnfreezeHours
PHPUnit\Framework\MockObject\MethodCannotBeConfiguredException: Trying to configure method "unfreezeRemainingAmount" which cannot be configured because it does not exist, has not been specified, is final, or is static

/home/admin/work/source/php-monorepo/packages/wechat-pay-profit-share-bundle/tests/Command/ProfitShareUnfreezeCommandTest.php:354</error>
      </testcase>
      <testcase name="testOptionForceUnfreeze" file="/home/admin/work/source/php-monorepo/packages/wechat-pay-profit-share-bundle/tests/Command/ProfitShareUnfreezeCommandTest.php" line="363" class="Tourze\WechatPayProfitShareBundle\Tests\Command\ProfitShareUnfreezeCommandTest" classname="Tourze.WechatPayProfitShareBundle.Tests.Command.ProfitShareUnfreezeCommandTest" assertions="0" time="0.101187">
        <error type="PHPUnit\Framework\MockObject\MethodCannotBeConfiguredException">Tourze\WechatPayProfitShareBundle\Tests\Command\ProfitShareUnfreezeCommandTest::testOptionForceUnfreeze
PHPUnit\Framework\MockObject\MethodCannotBeConfiguredException: Trying to configure method "unfreezeRemainingAmount" which cannot be configured because it does not exist, has not been specified, is final, or is static

/home/admin/work/source/php-monorepo/packages/wechat-pay-profit-share-bundle/tests/Command/ProfitShareUnfreezeCommandTest.php:371</error>
      </testcase>
    </testsuite>
    <testsuite name="Tourze\WechatPayProfitShareBundle\Tests\DependencyInjection\WechatPayProfitShareExtensionTest" file="/home/admin/work/source/php-monorepo/packages/wechat-pay-profit-share-bundle/tests/DependencyInjection/WechatPayProfitShareExtensionTest.php" tests="6" assertions="81" errors="0" failures="2" skipped="0" time="0.082908">
      <testcase name="testShouldNotHaveRunTestsInSeparateProcesses" file="/home/admin/work/source/php-monorepo/packages/phpunit-symfony-unit-test/src/AbstractDependencyInjectionExtensionTestCase.php" line="23" class="Tourze\WechatPayProfitShareBundle\Tests\DependencyInjection\WechatPayProfitShareExtensionTest" classname="Tourze.WechatPayProfitShareBundle.Tests.DependencyInjection.WechatPayProfitShareExtensionTest" assertions="1" time="0.004890">
        <failure type="PHPUnit\Framework\ExpectationFailedException">Tourze\WechatPayProfitShareBundle\Tests\DependencyInjection\WechatPayProfitShareExtensionTest::testShouldNotHaveRunTestsInSeparateProcesses
Tourze\WechatPayProfitShareBundle\Tests\DependencyInjection\WechatPayProfitShareExtensionTest这个测试用例，不应使用 RunTestsInSeparateProcesses 注解
Failed asserting that an array is empty.

/home/admin/work/source/php-monorepo/packages/phpunit-symfony-unit-test/src/AbstractDependencyInjectionExtensionTestCase.php:26</failure>
      </testcase>
      <testcase name="testExtendsCorrectBaseClass" file="/home/admin/work/source/php-monorepo/packages/phpunit-symfony-unit-test/src/AbstractDependencyInjectionExtensionTestCase.php" line="36" class="Tourze\WechatPayProfitShareBundle\Tests\DependencyInjection\WechatPayProfitShareExtensionTest" classname="Tourze.WechatPayProfitShareBundle.Tests.DependencyInjection.WechatPayProfitShareExtensionTest" assertions="2" time="0.002701"/>
      <testcase name="testLoadShouldRegisterServices" file="/home/admin/work/source/php-monorepo/packages/phpunit-symfony-unit-test/src/AbstractDependencyInjectionExtensionTestCase.php" line="66" class="Tourze\WechatPayProfitShareBundle\Tests\DependencyInjection\WechatPayProfitShareExtensionTest" classname="Tourze.WechatPayProfitShareBundle.Tests.DependencyInjection.WechatPayProfitShareExtensionTest" assertions="23" time="0.021261"/>
      <testcase name="testServiceInjectedLoggerMustUseWithMonologChannelAttribute" file="/home/admin/work/source/php-monorepo/packages/phpunit-symfony-unit-test/src/AbstractDependencyInjectionExtensionTestCase.php" line="108" class="Tourze\WechatPayProfitShareBundle\Tests\DependencyInjection\WechatPayProfitShareExtensionTest" classname="Tourze.WechatPayProfitShareBundle.Tests.DependencyInjection.WechatPayProfitShareExtensionTest" assertions="3" time="0.020686">
        <failure type="PHPUnit\Framework\ExpectationFailedException">Tourze\WechatPayProfitShareBundle\Tests\DependencyInjection\WechatPayProfitShareExtensionTest::testServiceInjectedLoggerMustUseWithMonologChannelAttribute
服务类 Tourze\WechatPayProfitShareBundle\Service\ProfitShareApiExecutor 的构造函数使用了 LoggerInterface，但未使用 WithMonologChannel 注解，请使用 `#[WithMonologChannel(channel: 'wechat_pay_profit_share')]`
Failed asserting that two arrays are not identical.

/home/admin/work/source/php-monorepo/packages/phpunit-symfony-unit-test/src/AbstractDependencyInjectionExtensionTestCase.php:151</failure>
      </testcase>
      <testcase name="noRegisteredServicesAreBundle" file="/home/admin/work/source/php-monorepo/packages/phpunit-symfony-unit-test/src/AbstractDependencyInjectionExtensionTestCase.php" line="168" class="Tourze\WechatPayProfitShareBundle\Tests\DependencyInjection\WechatPayProfitShareExtensionTest" classname="Tourze.WechatPayProfitShareBundle.Tests.DependencyInjection.WechatPayProfitShareExtensionTest" assertions="26" time="0.016749"/>
      <testcase name="noRegisteredServicesAreEntity" file="/home/admin/work/source/php-monorepo/packages/phpunit-symfony-unit-test/src/AbstractDependencyInjectionExtensionTestCase.php" line="202" class="Tourze\WechatPayProfitShareBundle\Tests\DependencyInjection\WechatPayProfitShareExtensionTest" classname="Tourze.WechatPayProfitShareBundle.Tests.DependencyInjection.WechatPayProfitShareExtensionTest" assertions="26" time="0.016620"/>
    </testsuite>
    <testsuite name="Tourze\WechatPayProfitShareBundle\Tests\Entity\ProfitShareBillTaskTest" file="/home/admin/work/source/php-monorepo/packages/wechat-pay-profit-share-bundle/tests/Entity/ProfitShareBillTaskTest.php" tests="47" assertions="8" errors="40" failures="0" skipped="0" time="0.010323">
      <testcase name="testShouldNotHaveRunTestsInSeparateProcesses" file="/home/admin/work/source/php-monorepo/packages/phpunit-doctrine-entity/src/AbstractEntityTestCase.php" line="28" class="Tourze\WechatPayProfitShareBundle\Tests\Entity\ProfitShareBillTaskTest" classname="Tourze.WechatPayProfitShareBundle.Tests.Entity.ProfitShareBillTaskTest" assertions="1" time="0.001606"/>
      <testcase name="testIsEntityClass" file="/home/admin/work/source/php-monorepo/packages/phpunit-doctrine-entity/src/AbstractEntityTestCase.php" line="38" class="Tourze\WechatPayProfitShareBundle\Tests\Entity\ProfitShareBillTaskTest" classname="Tourze.WechatPayProfitShareBundle.Tests.Entity.ProfitShareBillTaskTest" assertions="3" time="0.000521"/>
      <testcase name="testDisallowUseMultipleCoversClass" file="/home/admin/work/source/php-monorepo/packages/phpunit-doctrine-entity/src/AbstractEntityTestCase.php" line="52" class="Tourze\WechatPayProfitShareBundle\Tests\Entity\ProfitShareBillTaskTest" classname="Tourze.WechatPayProfitShareBundle.Tests.Entity.ProfitShareBillTaskTest" assertions="1" time="0.000176"/>
      <testcase name="preferUseIndexColumnAttributeToDefineIndexWhenOnlyOneColumn" file="/home/admin/work/source/php-monorepo/packages/phpunit-doctrine-entity/src/AbstractEntityTestCase.php" line="114" class="Tourze\WechatPayProfitShareBundle\Tests\Entity\ProfitShareBillTaskTest" classname="Tourze.WechatPayProfitShareBundle.Tests.Entity.ProfitShareBillTaskTest" assertions="3" time="0.000087"/>
      <testcase name="testEntityInitialization" file="/home/admin/work/source/php-monorepo/packages/wechat-pay-profit-share-bundle/tests/Entity/ProfitShareBillTaskTest.php" line="30" class="Tourze\WechatPayProfitShareBundle\Tests\Entity\ProfitShareBillTaskTest" classname="Tourze.WechatPayProfitShareBundle.Tests.Entity.ProfitShareBillTaskTest" assertions="0" time="0.000267">
        <error type="Error">Tourze\WechatPayProfitShareBundle\Tests\Entity\ProfitShareBillTaskTest::testEntityInitialization
Error: Typed property Tourze\WechatPayProfitShareBundle\Tests\Entity\ProfitShareBillTaskTest::$profitShareBillTask must not be accessed before initialization

/home/admin/work/source/php-monorepo/packages/wechat-pay-profit-share-bundle/tests/Entity/ProfitShareBillTaskTest.php:32</error>
      </testcase>
      <testcase name="testMerchantGetterSetter" file="/home/admin/work/source/php-monorepo/packages/wechat-pay-profit-share-bundle/tests/Entity/ProfitShareBillTaskTest.php" line="44" class="Tourze\WechatPayProfitShareBundle\Tests\Entity\ProfitShareBillTaskTest" classname="Tourze.WechatPayProfitShareBundle.Tests.Entity.ProfitShareBillTaskTest" assertions="0" time="0.003576">
        <error type="Error">Tourze\WechatPayProfitShareBundle\Tests\Entity\ProfitShareBillTaskTest::testMerchantGetterSetter
Error: Typed property Tourze\WechatPayProfitShareBundle\Tests\Entity\ProfitShareBillTaskTest::$profitShareBillTask must not be accessed before initialization

/home/admin/work/source/php-monorepo/packages/wechat-pay-profit-share-bundle/tests/Entity/ProfitShareBillTaskTest.php:48</error>
      </testcase>
      <testsuite name="Tourze\WechatPayProfitShareBundle\Tests\Entity\ProfitShareBillTaskTest::testSubMchIdGetterSetter" tests="5" assertions="0" errors="5" failures="0" skipped="0" time="0.000585">
        <testcase name="testSubMchIdGetterSetter with data set #0" file="/home/admin/work/source/php-monorepo/packages/wechat-pay-profit-share-bundle/tests/Entity/ProfitShareBillTaskTest.php" line="58" class="Tourze\WechatPayProfitShareBundle\Tests\Entity\ProfitShareBillTaskTest" classname="Tourze.WechatPayProfitShareBundle.Tests.Entity.ProfitShareBillTaskTest" assertions="0" time="0.000180">
          <error type="Error">Tourze\WechatPayProfitShareBundle\Tests\Entity\ProfitShareBillTaskTest::testSubMchIdGetterSetter with data set #0
Error: Typed property Tourze\WechatPayProfitShareBundle\Tests\Entity\ProfitShareBillTaskTest::$profitShareBillTask must not be accessed before initialization

/home/admin/work/source/php-monorepo/packages/wechat-pay-profit-share-bundle/tests/Entity/ProfitShareBillTaskTest.php:60</error>
        </testcase>
        <testcase name="testSubMchIdGetterSetter with data set #1" file="/home/admin/work/source/php-monorepo/packages/wechat-pay-profit-share-bundle/tests/Entity/ProfitShareBillTaskTest.php" line="58" class="Tourze\WechatPayProfitShareBundle\Tests\Entity\ProfitShareBillTaskTest" classname="Tourze.WechatPayProfitShareBundle.Tests.Entity.ProfitShareBillTaskTest" assertions="0" time="0.000117">
          <error type="Error">Tourze\WechatPayProfitShareBundle\Tests\Entity\ProfitShareBillTaskTest::testSubMchIdGetterSetter with data set #1
Error: Typed property Tourze\WechatPayProfitShareBundle\Tests\Entity\ProfitShareBillTaskTest::$profitShareBillTask must not be accessed before initialization

/home/admin/work/source/php-monorepo/packages/wechat-pay-profit-share-bundle/tests/Entity/ProfitShareBillTaskTest.php:60</error>
        </testcase>
        <testcase name="testSubMchIdGetterSetter with data set #2" file="/home/admin/work/source/php-monorepo/packages/wechat-pay-profit-share-bundle/tests/Entity/ProfitShareBillTaskTest.php" line="58" class="Tourze\WechatPayProfitShareBundle\Tests\Entity\ProfitShareBillTaskTest" classname="Tourze.WechatPayProfitShareBundle.Tests.Entity.ProfitShareBillTaskTest" assertions="0" time="0.000101">
          <error type="Error">Tourze\WechatPayProfitShareBundle\Tests\Entity\ProfitShareBillTaskTest::testSubMchIdGetterSetter with data set #2
Error: Typed property Tourze\WechatPayProfitShareBundle\Tests\Entity\ProfitShareBillTaskTest::$profitShareBillTask must not be accessed before initialization

/home/admin/work/source/php-monorepo/packages/wechat-pay-profit-share-bundle/tests/Entity/ProfitShareBillTaskTest.php:60</error>
        </testcase>
        <testcase name="testSubMchIdGetterSetter with data set #3" file="/home/admin/work/source/php-monorepo/packages/wechat-pay-profit-share-bundle/tests/Entity/ProfitShareBillTaskTest.php" line="58" class="Tourze\WechatPayProfitShareBundle\Tests\Entity\ProfitShareBillTaskTest" classname="Tourze.WechatPayProfitShareBundle.Tests.Entity.ProfitShareBillTaskTest" assertions="0" time="0.000093">
          <error type="Error">Tourze\WechatPayProfitShareBundle\Tests\Entity\ProfitShareBillTaskTest::testSubMchIdGetterSetter with data set #3
Error: Typed property Tourze\WechatPayProfitShareBundle\Tests\Entity\ProfitShareBillTaskTest::$profitShareBillTask must not be accessed before initialization

/home/admin/work/source/php-monorepo/packages/wechat-pay-profit-share-bundle/tests/Entity/ProfitShareBillTaskTest.php:60</error>
        </testcase>
        <testcase name="testSubMchIdGetterSetter with data set #4" file="/home/admin/work/source/php-monorepo/packages/wechat-pay-profit-share-bundle/tests/Entity/ProfitShareBillTaskTest.php" line="58" class="Tourze\WechatPayProfitShareBundle\Tests\Entity\ProfitShareBillTaskTest" classname="Tourze.WechatPayProfitShareBundle.Tests.Entity.ProfitShareBillTaskTest" assertions="0" time="0.000093">
          <error type="Error">Tourze\WechatPayProfitShareBundle\Tests\Entity\ProfitShareBillTaskTest::testSubMchIdGetterSetter with data set #4
Error: Typed property Tourze\WechatPayProfitShareBundle\Tests\Entity\ProfitShareBillTaskTest::$profitShareBillTask must not be accessed before initialization

/home/admin/work/source/php-monorepo/packages/wechat-pay-profit-share-bundle/tests/Entity/ProfitShareBillTaskTest.php:60</error>
        </testcase>
      </testsuite>
      <testcase name="testBillDateGetterSetter" file="/home/admin/work/source/php-monorepo/packages/wechat-pay-profit-share-bundle/tests/Entity/ProfitShareBillTaskTest.php" line="78" class="Tourze\WechatPayProfitShareBundle\Tests\Entity\ProfitShareBillTaskTest" classname="Tourze.WechatPayProfitShareBundle.Tests.Entity.ProfitShareBillTaskTest" assertions="0" time="0.000102">
        <error type="Error">Tourze\WechatPayProfitShareBundle\Tests\Entity\ProfitShareBillTaskTest::testBillDateGetterSetter
Error: Typed property Tourze\WechatPayProfitShareBundle\Tests\Entity\ProfitShareBillTaskTest::$profitShareBillTask must not be accessed before initialization

/home/admin/work/source/php-monorepo/packages/wechat-pay-profit-share-bundle/tests/Entity/ProfitShareBillTaskTest.php:82</error>
      </testcase>
      <testsuite name="Tourze\WechatPayProfitShareBundle\Tests\Entity\ProfitShareBillTaskTest::testStringFieldsGetterSetter" tests="18" assertions="0" errors="15" failures="0" skipped="0" time="0.001727">
        <testcase name="testStringFieldsGetterSetter with data set #0" file="/home/admin/work/source/php-monorepo/packages/wechat-pay-profit-share-bundle/tests/Entity/ProfitShareBillTaskTest.php" line="92" class="Tourze\WechatPayProfitShareBundle\Tests\Entity\ProfitShareBillTaskTest" classname="Tourze.WechatPayProfitShareBundle.Tests.Entity.ProfitShareBillTaskTest" assertions="0" time="0.000104">
          <error type="Error">Tourze\WechatPayProfitShareBundle\Tests\Entity\ProfitShareBillTaskTest::testStringFieldsGetterSetter with data set #0
Error: Typed property Tourze\WechatPayProfitShareBundle\Tests\Entity\ProfitShareBillTaskTest::$profitShareBillTask must not be accessed before initialization

/home/admin/work/source/php-monorepo/packages/wechat-pay-profit-share-bundle/tests/Entity/ProfitShareBillTaskTest.php:96</error>
        </testcase>
        <testcase name="testStringFieldsGetterSetter with data set #1" file="/home/admin/work/source/php-monorepo/packages/wechat-pay-profit-share-bundle/tests/Entity/ProfitShareBillTaskTest.php" line="92" class="Tourze\WechatPayProfitShareBundle\Tests\Entity\ProfitShareBillTaskTest" classname="Tourze.WechatPayProfitShareBundle.Tests.Entity.ProfitShareBillTaskTest" assertions="0" time="0.000097">
          <error type="Error">Tourze\WechatPayProfitShareBundle\Tests\Entity\ProfitShareBillTaskTest::testStringFieldsGetterSetter with data set #1
Error: Typed property Tourze\WechatPayProfitShareBundle\Tests\Entity\ProfitShareBillTaskTest::$profitShareBillTask must not be accessed before initialization

/home/admin/work/source/php-monorepo/packages/wechat-pay-profit-share-bundle/tests/Entity/ProfitShareBillTaskTest.php:96</error>
        </testcase>
        <testcase name="testStringFieldsGetterSetter with data set #2" file="/home/admin/work/source/php-monorepo/packages/wechat-pay-profit-share-bundle/tests/Entity/ProfitShareBillTaskTest.php" line="92" class="Tourze\WechatPayProfitShareBundle\Tests\Entity\ProfitShareBillTaskTest" classname="Tourze.WechatPayProfitShareBundle.Tests.Entity.ProfitShareBillTaskTest" assertions="0" time="0.000096">
          <error type="Error">Tourze\WechatPayProfitShareBundle\Tests\Entity\ProfitShareBillTaskTest::testStringFieldsGetterSetter with data set #2
Error: Typed property Tourze\WechatPayProfitShareBundle\Tests\Entity\ProfitShareBillTaskTest::$profitShareBillTask must not be accessed before initialization

/home/admin/work/source/php-monorepo/packages/wechat-pay-profit-share-bundle/tests/Entity/ProfitShareBillTaskTest.php:96</error>
        </testcase>
        <testcase name="testStringFieldsGetterSetter with data set #3" file="/home/admin/work/source/php-monorepo/packages/wechat-pay-profit-share-bundle/tests/Entity/ProfitShareBillTaskTest.php" line="92" class="Tourze\WechatPayProfitShareBundle\Tests\Entity\ProfitShareBillTaskTest" classname="Tourze.WechatPayProfitShareBundle.Tests.Entity.ProfitShareBillTaskTest" assertions="0" time="0.000095">
          <error type="Error">Tourze\WechatPayProfitShareBundle\Tests\Entity\ProfitShareBillTaskTest::testStringFieldsGetterSetter with data set #3
Error: Typed property Tourze\WechatPayProfitShareBundle\Tests\Entity\ProfitShareBillTaskTest::$profitShareBillTask must not be accessed before initialization

/home/admin/work/source/php-monorepo/packages/wechat-pay-profit-share-bundle/tests/Entity/ProfitShareBillTaskTest.php:96</error>
        </testcase>
        <testcase name="testStringFieldsGetterSetter with data set #4" file="/home/admin/work/source/php-monorepo/packages/wechat-pay-profit-share-bundle/tests/Entity/ProfitShareBillTaskTest.php" line="92" class="Tourze\WechatPayProfitShareBundle\Tests\Entity\ProfitShareBillTaskTest" classname="Tourze.WechatPayProfitShareBundle.Tests.Entity.ProfitShareBillTaskTest" assertions="0" time="0.000095">
          <error type="Error">Tourze\WechatPayProfitShareBundle\Tests\Entity\ProfitShareBillTaskTest::testStringFieldsGetterSetter with data set #4
Error: Typed property Tourze\WechatPayProfitShareBundle\Tests\Entity\ProfitShareBillTaskTest::$profitShareBillTask must not be accessed before initialization

/home/admin/work/source/php-monorepo/packages/wechat-pay-profit-share-bundle/tests/Entity/ProfitShareBillTaskTest.php:100</error>
        </testcase>
        <testcase name="testStringFieldsGetterSetter with data set #5" file="/home/admin/work/source/php-monorepo/packages/wechat-pay-profit-share-bundle/tests/Entity/ProfitShareBillTaskTest.php" line="92" class="Tourze\WechatPayProfitShareBundle\Tests\Entity\ProfitShareBillTaskTest" classname="Tourze.WechatPayProfitShareBundle.Tests.Entity.ProfitShareBillTaskTest" assertions="0" time="0.000094">
          <error type="Error">Tourze\WechatPayProfitShareBundle\Tests\Entity\ProfitShareBillTaskTest::testStringFieldsGetterSetter with data set #5
Error: Typed property Tourze\WechatPayProfitShareBundle\Tests\Entity\ProfitShareBillTaskTest::$profitShareBillTask must not be accessed before initialization

/home/admin/work/source/php-monorepo/packages/wechat-pay-profit-share-bundle/tests/Entity/ProfitShareBillTaskTest.php:100</error>
        </testcase>
        <testcase name="testStringFieldsGetterSetter with data set #6" file="/home/admin/work/source/php-monorepo/packages/wechat-pay-profit-share-bundle/tests/Entity/ProfitShareBillTaskTest.php" line="92" class="Tourze\WechatPayProfitShareBundle\Tests\Entity\ProfitShareBillTaskTest" classname="Tourze.WechatPayProfitShareBundle.Tests.Entity.ProfitShareBillTaskTest" assertions="0" time="0.000094">
          <error type="Error">Tourze\WechatPayProfitShareBundle\Tests\Entity\ProfitShareBillTaskTest::testStringFieldsGetterSetter with data set #6
Error: Typed property Tourze\WechatPayProfitShareBundle\Tests\Entity\ProfitShareBillTaskTest::$profitShareBillTask must not be accessed before initialization

/home/admin/work/source/php-monorepo/packages/wechat-pay-profit-share-bundle/tests/Entity/ProfitShareBillTaskTest.php:100</error>
        </testcase>
        <testcase name="testStringFieldsGetterSetter with data set #7" file="/home/admin/work/source/php-monorepo/packages/wechat-pay-profit-share-bundle/tests/Entity/ProfitShareBillTaskTest.php" line="92" class="Tourze\WechatPayProfitShareBundle\Tests\Entity\ProfitShareBillTaskTest" classname="Tourze.WechatPayProfitShareBundle.Tests.Entity.ProfitShareBillTaskTest" assertions="0" time="0.000093">
          <error type="Error">Tourze\WechatPayProfitShareBundle\Tests\Entity\ProfitShareBillTaskTest::testStringFieldsGetterSetter with data set #7
Error: Typed property Tourze\WechatPayProfitShareBundle\Tests\Entity\ProfitShareBillTaskTest::$profitShareBillTask must not be accessed before initialization

/home/admin/work/source/php-monorepo/packages/wechat-pay-profit-share-bundle/tests/Entity/ProfitShareBillTaskTest.php:100</error>
        </testcase>
        <testcase name="testStringFieldsGetterSetter with data set #8" file="/home/admin/work/source/php-monorepo/packages/wechat-pay-profit-share-bundle/tests/Entity/ProfitShareBillTaskTest.php" line="92" class="Tourze\WechatPayProfitShareBundle\Tests\Entity\ProfitShareBillTaskTest" classname="Tourze.WechatPayProfitShareBundle.Tests.Entity.ProfitShareBillTaskTest" assertions="0" time="0.000093">
          <error type="Error">Tourze\WechatPayProfitShareBundle\Tests\Entity\ProfitShareBillTaskTest::testStringFieldsGetterSetter with data set #8
Error: Typed property Tourze\WechatPayProfitShareBundle\Tests\Entity\ProfitShareBillTaskTest::$profitShareBillTask must not be accessed before initialization

/home/admin/work/source/php-monorepo/packages/wechat-pay-profit-share-bundle/tests/Entity/ProfitShareBillTaskTest.php:104</error>
        </testcase>
        <testcase name="testStringFieldsGetterSetter with data set #9" file="/home/admin/work/source/php-monorepo/packages/wechat-pay-profit-share-bundle/tests/Entity/ProfitShareBillTaskTest.php" line="92" class="Tourze\WechatPayProfitShareBundle\Tests\Entity\ProfitShareBillTaskTest" classname="Tourze.WechatPayProfitShareBundle.Tests.Entity.ProfitShareBillTaskTest" assertions="0" time="0.000119">
          <error type="Error">Tourze\WechatPayProfitShareBundle\Tests\Entity\ProfitShareBillTaskTest::testStringFieldsGetterSetter with data set #9
Error: Typed property Tourze\WechatPayProfitShareBundle\Tests\Entity\ProfitShareBillTaskTest::$profitShareBillTask must not be accessed before initialization

/home/admin/work/source/php-monorepo/packages/wechat-pay-profit-share-bundle/tests/Entity/ProfitShareBillTaskTest.php:104</error>
        </testcase>
        <testcase name="testStringFieldsGetterSetter with data set #10" file="/home/admin/work/source/php-monorepo/packages/wechat-pay-profit-share-bundle/tests/Entity/ProfitShareBillTaskTest.php" line="92" class="Tourze\WechatPayProfitShareBundle\Tests\Entity\ProfitShareBillTaskTest" classname="Tourze.WechatPayProfitShareBundle.Tests.Entity.ProfitShareBillTaskTest" assertions="0" time="0.000110">
          <error type="Error">Tourze\WechatPayProfitShareBundle\Tests\Entity\ProfitShareBillTaskTest::testStringFieldsGetterSetter with data set #10
Error: Typed property Tourze\WechatPayProfitShareBundle\Tests\Entity\ProfitShareBillTaskTest::$profitShareBillTask must not be accessed before initialization

/home/admin/work/source/php-monorepo/packages/wechat-pay-profit-share-bundle/tests/Entity/ProfitShareBillTaskTest.php:104</error>
        </testcase>
        <testcase name="testStringFieldsGetterSetter with data set #11" file="/home/admin/work/source/php-monorepo/packages/wechat-pay-profit-share-bundle/tests/Entity/ProfitShareBillTaskTest.php" line="92" class="Tourze\WechatPayProfitShareBundle\Tests\Entity\ProfitShareBillTaskTest" classname="Tourze.WechatPayProfitShareBundle.Tests.Entity.ProfitShareBillTaskTest" assertions="0" time="0.000096">
          <error type="Error">Tourze\WechatPayProfitShareBundle\Tests\Entity\ProfitShareBillTaskTest::testStringFieldsGetterSetter with data set #11
Error: Typed property Tourze\WechatPayProfitShareBundle\Tests\Entity\ProfitShareBillTaskTest::$profitShareBillTask must not be accessed before initialization

/home/admin/work/source/php-monorepo/packages/wechat-pay-profit-share-bundle/tests/Entity/ProfitShareBillTaskTest.php:108</error>
        </testcase>
        <testcase name="testStringFieldsGetterSetter with data set #12" file="/home/admin/work/source/php-monorepo/packages/wechat-pay-profit-share-bundle/tests/Entity/ProfitShareBillTaskTest.php" line="92" class="Tourze\WechatPayProfitShareBundle\Tests\Entity\ProfitShareBillTaskTest" classname="Tourze.WechatPayProfitShareBundle.Tests.Entity.ProfitShareBillTaskTest" assertions="0" time="0.000096">
          <error type="Error">Tourze\WechatPayProfitShareBundle\Tests\Entity\ProfitShareBillTaskTest::testStringFieldsGetterSetter with data set #12
Error: Typed property Tourze\WechatPayProfitShareBundle\Tests\Entity\ProfitShareBillTaskTest::$profitShareBillTask must not be accessed before initialization

/home/admin/work/source/php-monorepo/packages/wechat-pay-profit-share-bundle/tests/Entity/ProfitShareBillTaskTest.php:108</error>
        </testcase>
        <testcase name="testStringFieldsGetterSetter with data set #13" file="/home/admin/work/source/php-monorepo/packages/wechat-pay-profit-share-bundle/tests/Entity/ProfitShareBillTaskTest.php" line="92" class="Tourze\WechatPayProfitShareBundle\Tests\Entity\ProfitShareBillTaskTest" classname="Tourze.WechatPayProfitShareBundle.Tests.Entity.ProfitShareBillTaskTest" assertions="0" time="0.000106">
          <error type="Error">Tourze\WechatPayProfitShareBundle\Tests\Entity\ProfitShareBillTaskTest::testStringFieldsGetterSetter with data set #13
Error: Typed property Tourze\WechatPayProfitShareBundle\Tests\Entity\ProfitShareBillTaskTest::$profitShareBillTask must not be accessed before initialization

/home/admin/work/source/php-monorepo/packages/wechat-pay-profit-share-bundle/tests/Entity/ProfitShareBillTaskTest.php:108</error>
        </testcase>
        <testcase name="testStringFieldsGetterSetter with data set #14" file="/home/admin/work/source/php-monorepo/packages/wechat-pay-profit-share-bundle/tests/Entity/ProfitShareBillTaskTest.php" line="92" class="Tourze\WechatPayProfitShareBundle\Tests\Entity\ProfitShareBillTaskTest" classname="Tourze.WechatPayProfitShareBundle.Tests.Entity.ProfitShareBillTaskTest" assertions="0" time="0.000108">
          <error type="Error">Tourze\WechatPayProfitShareBundle\Tests\Entity\ProfitShareBillTaskTest::testStringFieldsGetterSetter with data set #14
Error: Typed property Tourze\WechatPayProfitShareBundle\Tests\Entity\ProfitShareBillTaskTest::$profitShareBillTask must not be accessed before initialization

/home/admin/work/source/php-monorepo/packages/wechat-pay-profit-share-bundle/tests/Entity/ProfitShareBillTaskTest.php:108</error>
        </testcase>
        <testcase name="testStringFieldsGetterSetter with data set #15" file="/home/admin/work/source/php-monorepo/packages/wechat-pay-profit-share-bundle/tests/Entity/ProfitShareBillTaskTest.php" line="92" class="Tourze\WechatPayProfitShareBundle\Tests\Entity\ProfitShareBillTaskTest" classname="Tourze.WechatPayProfitShareBundle.Tests.Entity.ProfitShareBillTaskTest" assertions="0" time="0.000088"/>
        <testcase name="testStringFieldsGetterSetter with data set #16" file="/home/admin/work/source/php-monorepo/packages/wechat-pay-profit-share-bundle/tests/Entity/ProfitShareBillTaskTest.php" line="92" class="Tourze\WechatPayProfitShareBundle\Tests\Entity\ProfitShareBillTaskTest" classname="Tourze.WechatPayProfitShareBundle.Tests.Entity.ProfitShareBillTaskTest" assertions="0" time="0.000069"/>
        <testcase name="testStringFieldsGetterSetter with data set #17" file="/home/admin/work/source/php-monorepo/packages/wechat-pay-profit-share-bundle/tests/Entity/ProfitShareBillTaskTest.php" line="92" class="Tourze\WechatPayProfitShareBundle\Tests\Entity\ProfitShareBillTaskTest" classname="Tourze.WechatPayProfitShareBundle.Tests.Entity.ProfitShareBillTaskTest" assertions="0" time="0.000071"/>
      </testsuite>
      <testcase name="testStatusGetterSetter" file="/home/admin/work/source/php-monorepo/packages/wechat-pay-profit-share-bundle/tests/Entity/ProfitShareBillTaskTest.php" line="145" class="Tourze\WechatPayProfitShareBundle\Tests\Entity\ProfitShareBillTaskTest" classname="Tourze.WechatPayProfitShareBundle.Tests.Entity.ProfitShareBillTaskTest" assertions="0" time="0.000097">
        <error type="Error">Tourze\WechatPayProfitShareBundle\Tests\Entity\ProfitShareBillTaskTest::testStatusGetterSetter
Error: Typed property Tourze\WechatPayProfitShareBundle\Tests\Entity\ProfitShareBillTaskTest::$profitShareBillTask must not be accessed before initialization

/home/admin/work/source/php-monorepo/packages/wechat-pay-profit-share-bundle/tests/Entity/ProfitShareBillTaskTest.php:147</error>
      </testcase>
      <testcase name="testDownloadedAtGetterSetter" file="/home/admin/work/source/php-monorepo/packages/wechat-pay-profit-share-bundle/tests/Entity/ProfitShareBillTaskTest.php" line="155" class="Tourze\WechatPayProfitShareBundle\Tests\Entity\ProfitShareBillTaskTest" classname="Tourze.WechatPayProfitShareBundle.Tests.Entity.ProfitShareBillTaskTest" assertions="0" time="0.000086">
        <error type="Error">Tourze\WechatPayProfitShareBundle\Tests\Entity\ProfitShareBillTaskTest::testDownloadedAtGetterSetter
Error: Typed property Tourze\WechatPayProfitShareBundle\Tests\Entity\ProfitShareBillTaskTest::$profitShareBillTask must not be accessed before initialization

/home/admin/work/source/php-monorepo/packages/wechat-pay-profit-share-bundle/tests/Entity/ProfitShareBillTaskTest.php:157</error>
      </testcase>
      <testsuite name="Tourze\WechatPayProfitShareBundle\Tests\Entity\ProfitShareBillTaskTest::testPayloadFieldsGetterSetter" tests="6" assertions="0" errors="6" failures="0" skipped="0" time="0.000599">
        <testcase name="testPayloadFieldsGetterSetter with data set #0" file="/home/admin/work/source/php-monorepo/packages/wechat-pay-profit-share-bundle/tests/Entity/ProfitShareBillTaskTest.php" line="168" class="Tourze\WechatPayProfitShareBundle\Tests\Entity\ProfitShareBillTaskTest" classname="Tourze.WechatPayProfitShareBundle.Tests.Entity.ProfitShareBillTaskTest" assertions="0" time="0.000102">
          <error type="Error">Tourze\WechatPayProfitShareBundle\Tests\Entity\ProfitShareBillTaskTest::testPayloadFieldsGetterSetter with data set #0
Error: Typed property Tourze\WechatPayProfitShareBundle\Tests\Entity\ProfitShareBillTaskTest::$profitShareBillTask must not be accessed before initialization

/home/admin/work/source/php-monorepo/packages/wechat-pay-profit-share-bundle/tests/Entity/ProfitShareBillTaskTest.php:172</error>
        </testcase>
        <testcase name="testPayloadFieldsGetterSetter with data set #1" file="/home/admin/work/source/php-monorepo/packages/wechat-pay-profit-share-bundle/tests/Entity/ProfitShareBillTaskTest.php" line="168" class="Tourze\WechatPayProfitShareBundle\Tests\Entity\ProfitShareBillTaskTest" classname="Tourze.WechatPayProfitShareBundle.Tests.Entity.ProfitShareBillTaskTest" assertions="0" time="0.000098">
          <error type="Error">Tourze\WechatPayProfitShareBundle\Tests\Entity\ProfitShareBillTaskTest::testPayloadFieldsGetterSetter with data set #1
Error: Typed property Tourze\WechatPayProfitShareBundle\Tests\Entity\ProfitShareBillTaskTest::$profitShareBillTask must not be accessed before initialization

/home/admin/work/source/php-monorepo/packages/wechat-pay-profit-share-bundle/tests/Entity/ProfitShareBillTaskTest.php:172</error>
        </testcase>
        <testcase name="testPayloadFieldsGetterSetter with data set #2" file="/home/admin/work/source/php-monorepo/packages/wechat-pay-profit-share-bundle/tests/Entity/ProfitShareBillTaskTest.php" line="168" class="Tourze\WechatPayProfitShareBundle\Tests\Entity\ProfitShareBillTaskTest" classname="Tourze.WechatPayProfitShareBundle.Tests.Entity.ProfitShareBillTaskTest" assertions="0" time="0.000106">
          <error type="Error">Tourze\WechatPayProfitShareBundle\Tests\Entity\ProfitShareBillTaskTest::testPayloadFieldsGetterSetter with data set #2
Error: Typed property Tourze\WechatPayProfitShareBundle\Tests\Entity\ProfitShareBillTaskTest::$profitShareBillTask must not be accessed before initialization

/home/admin/work/source/php-monorepo/packages/wechat-pay-profit-share-bundle/tests/Entity/ProfitShareBillTaskTest.php:172</error>
        </testcase>
        <testcase name="testPayloadFieldsGetterSetter with data set #3" file="/home/admin/work/source/php-monorepo/packages/wechat-pay-profit-share-bundle/tests/Entity/ProfitShareBillTaskTest.php" line="168" class="Tourze\WechatPayProfitShareBundle\Tests\Entity\ProfitShareBillTaskTest" classname="Tourze.WechatPayProfitShareBundle.Tests.Entity.ProfitShareBillTaskTest" assertions="0" time="0.000097">
          <error type="Error">Tourze\WechatPayProfitShareBundle\Tests\Entity\ProfitShareBillTaskTest::testPayloadFieldsGetterSetter with data set #3
Error: Typed property Tourze\WechatPayProfitShareBundle\Tests\Entity\ProfitShareBillTaskTest::$profitShareBillTask must not be accessed before initialization

/home/admin/work/source/php-monorepo/packages/wechat-pay-profit-share-bundle/tests/Entity/ProfitShareBillTaskTest.php:176</error>
        </testcase>
        <testcase name="testPayloadFieldsGetterSetter with data set #4" file="/home/admin/work/source/php-monorepo/packages/wechat-pay-profit-share-bundle/tests/Entity/ProfitShareBillTaskTest.php" line="168" class="Tourze\WechatPayProfitShareBundle\Tests\Entity\ProfitShareBillTaskTest" classname="Tourze.WechatPayProfitShareBundle.Tests.Entity.ProfitShareBillTaskTest" assertions="0" time="0.000096">
          <error type="Error">Tourze\WechatPayProfitShareBundle\Tests\Entity\ProfitShareBillTaskTest::testPayloadFieldsGetterSetter with data set #4
Error: Typed property Tourze\WechatPayProfitShareBundle\Tests\Entity\ProfitShareBillTaskTest::$profitShareBillTask must not be accessed before initialization

/home/admin/work/source/php-monorepo/packages/wechat-pay-profit-share-bundle/tests/Entity/ProfitShareBillTaskTest.php:176</error>
        </testcase>
        <testcase name="testPayloadFieldsGetterSetter with data set #5" file="/home/admin/work/source/php-monorepo/packages/wechat-pay-profit-share-bundle/tests/Entity/ProfitShareBillTaskTest.php" line="168" class="Tourze\WechatPayProfitShareBundle\Tests\Entity\ProfitShareBillTaskTest" classname="Tourze.WechatPayProfitShareBundle.Tests.Entity.ProfitShareBillTaskTest" assertions="0" time="0.000100">
          <error type="Error">Tourze\WechatPayProfitShareBundle\Tests\Entity\ProfitShareBillTaskTest::testPayloadFieldsGetterSetter with data set #5
Error: Typed property Tourze\WechatPayProfitShareBundle\Tests\Entity\ProfitShareBillTaskTest::$profitShareBillTask must not be accessed before initialization

/home/admin/work/source/php-monorepo/packages/wechat-pay-profit-share-bundle/tests/Entity/ProfitShareBillTaskTest.php:176</error>
        </testcase>
      </testsuite>
      <testsuite name="Tourze\WechatPayProfitShareBundle\Tests\Entity\ProfitShareBillTaskTest::testMetadataGetterSetter" tests="5" assertions="0" errors="5" failures="0" skipped="0" time="0.000528">
        <testcase name="testMetadataGetterSetter with data set #0" file="/home/admin/work/source/php-monorepo/packages/wechat-pay-profit-share-bundle/tests/Entity/ProfitShareBillTaskTest.php" line="198" class="Tourze\WechatPayProfitShareBundle\Tests\Entity\ProfitShareBillTaskTest" classname="Tourze.WechatPayProfitShareBundle.Tests.Entity.ProfitShareBillTaskTest" assertions="0" time="0.000112">
          <error type="Error">Tourze\WechatPayProfitShareBundle\Tests\Entity\ProfitShareBillTaskTest::testMetadataGetterSetter with data set #0
Error: Typed property Tourze\WechatPayProfitShareBundle\Tests\Entity\ProfitShareBillTaskTest::$profitShareBillTask must not be accessed before initialization

/home/admin/work/source/php-monorepo/packages/wechat-pay-profit-share-bundle/tests/Entity/ProfitShareBillTaskTest.php:200</error>
        </testcase>
        <testcase name="testMetadataGetterSetter with data set #1" file="/home/admin/work/source/php-monorepo/packages/wechat-pay-profit-share-bundle/tests/Entity/ProfitShareBillTaskTest.php" line="198" class="Tourze\WechatPayProfitShareBundle\Tests\Entity\ProfitShareBillTaskTest" classname="Tourze.WechatPayProfitShareBundle.Tests.Entity.ProfitShareBillTaskTest" assertions="0" time="0.000112">
          <error type="Error">Tourze\WechatPayProfitShareBundle\Tests\Entity\ProfitShareBillTaskTest::testMetadataGetterSetter with data set #1
Error: Typed property Tourze\WechatPayProfitShareBundle\Tests\Entity\ProfitShareBillTaskTest::$profitShareBillTask must not be accessed before initialization

/home/admin/work/source/php-monorepo/packages/wechat-pay-profit-share-bundle/tests/Entity/ProfitShareBillTaskTest.php:200</error>
        </testcase>
        <testcase name="testMetadataGetterSetter with data set #2" file="/home/admin/work/source/php-monorepo/packages/wechat-pay-profit-share-bundle/tests/Entity/ProfitShareBillTaskTest.php" line="198" class="Tourze\WechatPayProfitShareBundle\Tests\Entity\ProfitShareBillTaskTest" classname="Tourze.WechatPayProfitShareBundle.Tests.Entity.ProfitShareBillTaskTest" assertions="0" time="0.000100">
          <error type="Error">Tourze\WechatPayProfitShareBundle\Tests\Entity\ProfitShareBillTaskTest::testMetadataGetterSetter with data set #2
Error: Typed property Tourze\WechatPayProfitShareBundle\Tests\Entity\ProfitShareBillTaskTest::$profitShareBillTask must not be accessed before initialization

/home/admin/work/source/php-monorepo/packages/wechat-pay-profit-share-bundle/tests/Entity/ProfitShareBillTaskTest.php:200</error>
        </testcase>
        <testcase name="testMetadataGetterSetter with data set #3" file="/home/admin/work/source/php-monorepo/packages/wechat-pay-profit-share-bundle/tests/Entity/ProfitShareBillTaskTest.php" line="198" class="Tourze\WechatPayProfitShareBundle\Tests\Entity\ProfitShareBillTaskTest" classname="Tourze.WechatPayProfitShareBundle.Tests.Entity.ProfitShareBillTaskTest" assertions="0" time="0.000101">
          <error type="Error">Tourze\WechatPayProfitShareBundle\Tests\Entity\ProfitShareBillTaskTest::testMetadataGetterSetter with data set #3
Error: Typed property Tourze\WechatPayProfitShareBundle\Tests\Entity\ProfitShareBillTaskTest::$profitShareBillTask must not be accessed before initialization

/home/admin/work/source/php-monorepo/packages/wechat-pay-profit-share-bundle/tests/Entity/ProfitShareBillTaskTest.php:200</error>
        </testcase>
        <testcase name="testMetadataGetterSetter with data set #4" file="/home/admin/work/source/php-monorepo/packages/wechat-pay-profit-share-bundle/tests/Entity/ProfitShareBillTaskTest.php" line="198" class="Tourze\WechatPayProfitShareBundle\Tests\Entity\ProfitShareBillTaskTest" classname="Tourze.WechatPayProfitShareBundle.Tests.Entity.ProfitShareBillTaskTest" assertions="0" time="0.000103">
          <error type="Error">Tourze\WechatPayProfitShareBundle\Tests\Entity\ProfitShareBillTaskTest::testMetadataGetterSetter with data set #4
Error: Typed property Tourze\WechatPayProfitShareBundle\Tests\Entity\ProfitShareBillTaskTest::$profitShareBillTask must not be accessed before initialization

/home/admin/work/source/php-monorepo/packages/wechat-pay-profit-share-bundle/tests/Entity/ProfitShareBillTaskTest.php:200</error>
        </testcase>
      </testsuite>
      <testcase name="testTimestampGetters" file="/home/admin/work/source/php-monorepo/packages/wechat-pay-profit-share-bundle/tests/Entity/ProfitShareBillTaskTest.php" line="218" class="Tourze\WechatPayProfitShareBundle\Tests\Entity\ProfitShareBillTaskTest" classname="Tourze.WechatPayProfitShareBundle.Tests.Entity.ProfitShareBillTaskTest" assertions="0" time="0.000086">
        <error type="Error">Tourze\WechatPayProfitShareBundle\Tests\Entity\ProfitShareBillTaskTest::testTimestampGetters
Error: Typed property Tourze\WechatPayProfitShareBundle\Tests\Entity\ProfitShareBillTaskTest::$profitShareBillTask must not be accessed before initialization

/home/admin/work/source/php-monorepo/packages/wechat-pay-profit-share-bundle/tests/Entity/ProfitShareBillTaskTest.php:221</error>
      </testcase>
      <testcase name="testToString" file="/home/admin/work/source/php-monorepo/packages/wechat-pay-profit-share-bundle/tests/Entity/ProfitShareBillTaskTest.php" line="230" class="Tourze\WechatPayProfitShareBundle\Tests\Entity\ProfitShareBillTaskTest" classname="Tourze.WechatPayProfitShareBundle.Tests.Entity.ProfitShareBillTaskTest" assertions="0" time="0.000078">
        <error type="Error">Tourze\WechatPayProfitShareBundle\Tests\Entity\ProfitShareBillTaskTest::testToString
Error: Typed property Tourze\WechatPayProfitShareBundle\Tests\Entity\ProfitShareBillTaskTest::$profitShareBillTask must not be accessed before initialization

/home/admin/work/source/php-monorepo/packages/wechat-pay-profit-share-bundle/tests/Entity/ProfitShareBillTaskTest.php:233</error>
      </testcase>
      <testcase name="testStringableImplementation" file="/home/admin/work/source/php-monorepo/packages/wechat-pay-profit-share-bundle/tests/Entity/ProfitShareBillTaskTest.php" line="244" class="Tourze\WechatPayProfitShareBundle\Tests\Entity\ProfitShareBillTaskTest" classname="Tourze.WechatPayProfitShareBundle.Tests.Entity.ProfitShareBillTaskTest" assertions="0" time="0.000085">
        <error type="Error">Tourze\WechatPayProfitShareBundle\Tests\Entity\ProfitShareBillTaskTest::testStringableImplementation
Error: Typed property Tourze\WechatPayProfitShareBundle\Tests\Entity\ProfitShareBillTaskTest::$profitShareBillTask must not be accessed before initialization

/home/admin/work/source/php-monorepo/packages/wechat-pay-profit-share-bundle/tests/Entity/ProfitShareBillTaskTest.php:246</error>
      </testcase>
      <testcase name="testComplexWorkflow" file="/home/admin/work/source/php-monorepo/packages/wechat-pay-profit-share-bundle/tests/Entity/ProfitShareBillTaskTest.php" line="250" class="Tourze\WechatPayProfitShareBundle\Tests\Entity\ProfitShareBillTaskTest" classname="Tourze.WechatPayProfitShareBundle.Tests.Entity.ProfitShareBillTaskTest" assertions="0" time="0.000117">
        <error type="Error">Tourze\WechatPayProfitShareBundle\Tests\Entity\ProfitShareBillTaskTest::testComplexWorkflow
Error: Typed property Tourze\WechatPayProfitShareBundle\Tests\Entity\ProfitShareBillTaskTest::$profitShareBillTask must not be accessed before initialization

/home/admin/work/source/php-monorepo/packages/wechat-pay-profit-share-bundle/tests/Entity/ProfitShareBillTaskTest.php:257</error>
      </testcase>
    </testsuite>
    <testsuite name="Tourze\WechatPayProfitShareBundle\Tests\Entity\ProfitShareOperationLogTest" file="/home/admin/work/source/php-monorepo/packages/wechat-pay-profit-share-bundle/tests/Entity/ProfitShareOperationLogTest.php" tests="43" assertions="15" errors="38" failures="0" skipped="0" time="0.004718">
      <testcase name="testShouldNotHaveRunTestsInSeparateProcesses" file="/home/admin/work/source/php-monorepo/packages/phpunit-doctrine-entity/src/AbstractEntityTestCase.php" line="28" class="Tourze\WechatPayProfitShareBundle\Tests\Entity\ProfitShareOperationLogTest" classname="Tourze.WechatPayProfitShareBundle.Tests.Entity.ProfitShareOperationLogTest" assertions="1" time="0.000093"/>
      <testcase name="testIsEntityClass" file="/home/admin/work/source/php-monorepo/packages/phpunit-doctrine-entity/src/AbstractEntityTestCase.php" line="38" class="Tourze\WechatPayProfitShareBundle\Tests\Entity\ProfitShareOperationLogTest" classname="Tourze.WechatPayProfitShareBundle.Tests.Entity.ProfitShareOperationLogTest" assertions="3" time="0.000071"/>
      <testcase name="testDisallowUseMultipleCoversClass" file="/home/admin/work/source/php-monorepo/packages/phpunit-doctrine-entity/src/AbstractEntityTestCase.php" line="52" class="Tourze\WechatPayProfitShareBundle\Tests\Entity\ProfitShareOperationLogTest" classname="Tourze.WechatPayProfitShareBundle.Tests.Entity.ProfitShareOperationLogTest" assertions="1" time="0.000061"/>
      <testcase name="preferUseIndexColumnAttributeToDefineIndexWhenOnlyOneColumn" file="/home/admin/work/source/php-monorepo/packages/phpunit-doctrine-entity/src/AbstractEntityTestCase.php" line="114" class="Tourze\WechatPayProfitShareBundle\Tests\Entity\ProfitShareOperationLogTest" classname="Tourze.WechatPayProfitShareBundle.Tests.Entity.ProfitShareOperationLogTest" assertions="3" time="0.000071"/>
[...]
      <testcase name="testBuildOrderEntity" file="/home/admin/work/source/php-monorepo/packages/wechat-pay-profit-share-bundle/tests/Service/ProfitShareOrderFactoryTest.php" line="28" class="Tourze\WechatPayProfitShareBundle\Tests\Service\ProfitShareOrderFactoryTest" classname="Tourze.WechatPayProfitShareBundle.Tests.Service.ProfitShareOrderFactoryTest" assertions="16" time="0.007870"/>
      <testcase name="testBuildOrderEntityWithMultipleReceivers" file="/home/admin/work/source/php-monorepo/packages/wechat-pay-profit-share-bundle/tests/Service/ProfitShareOrderFactoryTest.php" line="72" class="Tourze\WechatPayProfitShareBundle\Tests\Service\ProfitShareOrderFactoryTest" classname="Tourze.WechatPayProfitShareBundle.Tests.Service.ProfitShareOrderFactoryTest" assertions="5" time="0.007698"/>
      <testcase name="testBuildOrderEntityWithNullOptionalFields" file="/home/admin/work/source/php-monorepo/packages/wechat-pay-profit-share-bundle/tests/Service/ProfitShareOrderFactoryTest.php" line="115" class="Tourze\WechatPayProfitShareBundle\Tests\Service\ProfitShareOrderFactoryTest" classname="Tourze.WechatPayProfitShareBundle.Tests.Service.ProfitShareOrderFactoryTest" assertions="3" time="0.007585"/>
    </testsuite>
    <testsuite name="Tourze\WechatPayProfitShareBundle\Tests\Service\ProfitShareReceiverServiceTest" file="/home/admin/work/source/php-monorepo/packages/wechat-pay-profit-share-bundle/tests/Service/ProfitShareReceiverServiceTest.php" tests="3" assertions="12" errors="0" failures="0" skipped="0" time="0.309898">
      <testcase name="testShouldHaveRunTestsInSeparateProcesses" file="/home/admin/work/source/php-monorepo/packages/phpunit-symfony-kernel-test/src/AbstractIntegrationTestCase.php" line="726" class="Tourze\WechatPayProfitShareBundle\Tests\Service\ProfitShareReceiverServiceTest" classname="Tourze.WechatPayProfitShareBundle.Tests.Service.ProfitShareReceiverServiceTest" assertions="1" time="0.083392"/>
      <testcase name="testAddReceiverSendsEncryptedName" file="/home/admin/work/source/php-monorepo/packages/wechat-pay-profit-share-bundle/tests/Service/ProfitShareReceiverServiceTest.php" line="27" class="Tourze\WechatPayProfitShareBundle\Tests\Service\ProfitShareReceiverServiceTest" classname="Tourze.WechatPayProfitShareBundle.Tests.Service.ProfitShareReceiverServiceTest" assertions="8" time="0.139783"/>
      <testcase name="testDeleteReceiver" file="/home/admin/work/source/php-monorepo/packages/wechat-pay-profit-share-bundle/tests/Service/ProfitShareReceiverServiceTest.php" line="107" class="Tourze\WechatPayProfitShareBundle\Tests\Service\ProfitShareReceiverServiceTest" classname="Tourze.WechatPayProfitShareBundle.Tests.Service.ProfitShareReceiverServiceTest" assertions="3" time="0.086724"/>
    </testsuite>
    <testsuite name="Tourze\WechatPayProfitShareBundle\Tests\Service\ProfitShareResponseProcessorTest" file="/home/admin/work/source/php-monorepo/packages/wechat-pay-profit-share-bundle/tests/Service/ProfitShareResponseProcessorTest.php" tests="8" assertions="0" errors="8" failures="0" skipped="0" time="0.080306">
      <testcase name="testApplyResponseWithProcessingOrder" file="/home/admin/work/source/php-monorepo/packages/wechat-pay-profit-share-bundle/tests/Service/ProfitShareResponseProcessorTest.php" line="27" class="Tourze\WechatPayProfitShareBundle\Tests\Service\ProfitShareResponseProcessorTest" classname="Tourze.WechatPayProfitShareBundle.Tests.Service.ProfitShareResponseProcessorTest" assertions="0" time="0.009352">
        <error type="PHPUnit\Framework\MockObject\IncompatibleReturnValueException">Tourze\WechatPayProfitShareBundle\Tests\Service\ProfitShareResponseProcessorTest::testApplyResponseWithProcessingOrder
PHPUnit\Framework\MockObject\IncompatibleReturnValueException: Method getReceivers may not return value of type array, its declared return type is "Doctrine\Common\Collections\Collection"

/home/admin/work/source/php-monorepo/packages/wechat-pay-profit-share-bundle/tests/Service/ProfitShareResponseProcessorTest.php:55</error>
      </testcase>
      <testcase name="testApplyResponseWithFinishedOrder" file="/home/admin/work/source/php-monorepo/packages/wechat-pay-profit-share-bundle/tests/Service/ProfitShareResponseProcessorTest.php" line="60" class="Tourze\WechatPayProfitShareBundle\Tests\Service\ProfitShareResponseProcessorTest" classname="Tourze.WechatPayProfitShareBundle.Tests.Service.ProfitShareResponseProcessorTest" assertions="0" time="0.009427">
        <error type="PHPUnit\Framework\MockObject\IncompatibleReturnValueException">Tourze\WechatPayProfitShareBundle\Tests\Service\ProfitShareResponseProcessorTest::testApplyResponseWithFinishedOrder
PHPUnit\Framework\MockObject\IncompatibleReturnValueException: Method getReceivers may not return value of type array, its declared return type is "Doctrine\Common\Collections\Collection"

/home/admin/work/source/php-monorepo/packages/wechat-pay-profit-share-bundle/tests/Service/ProfitShareResponseProcessorTest.php:84</error>
      </testcase>
      <testcase name="testApplyResponseWithClosedOrder" file="/home/admin/work/source/php-monorepo/packages/wechat-pay-profit-share-bundle/tests/Service/ProfitShareResponseProcessorTest.php" line="89" class="Tourze\WechatPayProfitShareBundle\Tests\Service\ProfitShareResponseProcessorTest" classname="Tourze.WechatPayProfitShareBundle.Tests.Service.ProfitShareResponseProcessorTest" assertions="0" time="0.009492">
        <error type="PHPUnit\Framework\MockObject\IncompatibleReturnValueException">Tourze\WechatPayProfitShareBundle\Tests\Service\ProfitShareResponseProcessorTest::testApplyResponseWithClosedOrder
PHPUnit\Framework\MockObject\IncompatibleReturnValueException: Method getReceivers may not return value of type array, its declared return type is "Doctrine\Common\Collections\Collection"

/home/admin/work/source/php-monorepo/packages/wechat-pay-profit-share-bundle/tests/Service/ProfitShareResponseProcessorTest.php:102</error>
      </testcase>
      <testcase name="testApplyResponseWithSuccessfulReceivers" file="/home/admin/work/source/php-monorepo/packages/wechat-pay-profit-share-bundle/tests/Service/ProfitShareResponseProcessorTest.php" line="107" class="Tourze\WechatPayProfitShareBundle\Tests\Service\ProfitShareResponseProcessorTest" classname="Tourze.WechatPayProfitShareBundle.Tests.Service.ProfitShareResponseProcessorTest" assertions="0" time="0.011403">
        <error type="PHPUnit\Framework\MockObject\IncompatibleReturnValueException">Tourze\WechatPayProfitShareBundle\Tests\Service\ProfitShareResponseProcessorTest::testApplyResponseWithSuccessfulReceivers
PHPUnit\Framework\MockObject\IncompatibleReturnValueException: Method getReceivers may not return value of type array, its declared return type is "Doctrine\Common\Collections\Collection"

/home/admin/work/source/php-monorepo/packages/wechat-pay-profit-share-bundle/tests/Service/ProfitShareResponseProcessorTest.php:131</error>
      </testcase>
      <testcase name="testApplyResponseWithFailedReceivers" file="/home/admin/work/source/php-monorepo/packages/wechat-pay-profit-share-bundle/tests/Service/ProfitShareResponseProcessorTest.php" line="168" class="Tourze\WechatPayProfitShareBundle\Tests\Service\ProfitShareResponseProcessorTest" classname="Tourze.WechatPayProfitShareBundle.Tests.Service.ProfitShareResponseProcessorTest" assertions="0" time="0.011252">
        <error type="PHPUnit\Framework\MockObject\IncompatibleReturnValueException">Tourze\WechatPayProfitShareBundle\Tests\Service\ProfitShareResponseProcessorTest::testApplyResponseWithFailedReceivers
PHPUnit\Framework\MockObject\IncompatibleReturnValueException: Method getReceivers may not return value of type array, its declared return type is "Doctrine\Common\Collections\Collection"

/home/admin/work/source/php-monorepo/packages/wechat-pay-profit-share-bundle/tests/Service/ProfitShareResponseProcessorTest.php:187</error>
      </testcase>
      <testcase name="testApplyResponseWithInvalidReceivers" file="/home/admin/work/source/php-monorepo/packages/wechat-pay-profit-share-bundle/tests/Service/ProfitShareResponseProcessorTest.php" line="215" class="Tourze\WechatPayProfitShareBundle\Tests\Service\ProfitShareResponseProcessorTest" classname="Tourze.WechatPayProfitShareBundle.Tests.Service.ProfitShareResponseProcessorTest" assertions="0" time="0.009222">
        <error type="PHPUnit\Framework\MockObject\IncompatibleReturnValueException">Tourze\WechatPayProfitShareBundle\Tests\Service\ProfitShareResponseProcessorTest::testApplyResponseWithInvalidReceivers
PHPUnit\Framework\MockObject\IncompatibleReturnValueException: Method getReceivers may not return value of type array, its declared return type is "Doctrine\Common\Collections\Collection"

/home/admin/work/source/php-monorepo/packages/wechat-pay-profit-share-bundle/tests/Service/ProfitShareResponseProcessorTest.php:230</error>
      </testcase>
      <testcase name="testApplyResponseWithNullResponse" file="/home/admin/work/source/php-monorepo/packages/wechat-pay-profit-share-bundle/tests/Service/ProfitShareResponseProcessorTest.php" line="239" class="Tourze\WechatPayProfitShareBundle\Tests\Service\ProfitShareResponseProcessorTest" classname="Tourze.WechatPayProfitShareBundle.Tests.Service.ProfitShareResponseProcessorTest" assertions="0" time="0.009178">
        <error type="PHPUnit\Framework\MockObject\IncompatibleReturnValueException">Tourze\WechatPayProfitShareBundle\Tests\Service\ProfitShareResponseProcessorTest::testApplyResponseWithNullResponse
PHPUnit\Framework\MockObject\IncompatibleReturnValueException: Method getReceivers may not return value of type array, its declared return type is "Doctrine\Common\Collections\Collection"

/home/admin/work/source/php-monorepo/packages/wechat-pay-profit-share-bundle/tests/Service/ProfitShareResponseProcessorTest.php:246</error>
      </testcase>
      <testcase name="testApplyResponseWithMultipleFinishTimes" file="/home/admin/work/source/php-monorepo/packages/wechat-pay-profit-share-bundle/tests/Service/ProfitShareResponseProcessorTest.php" line="251" class="Tourze\WechatPayProfitShareBundle\Tests\Service\ProfitShareResponseProcessorTest" classname="Tourze.WechatPayProfitShareBundle.Tests.Service.ProfitShareResponseProcessorTest" assertions="0" time="0.010981">
        <error type="PHPUnit\Framework\MockObject\IncompatibleReturnValueException">Tourze\WechatPayProfitShareBundle\Tests\Service\ProfitShareResponseProcessorTest::testApplyResponseWithMultipleFinishTimes
PHPUnit\Framework\MockObject\IncompatibleReturnValueException: Method getReceivers may not return value of type array, its declared return type is "Doctrine\Common\Collections\Collection"

/home/admin/work/source/php-monorepo/packages/wechat-pay-profit-share-bundle/tests/Service/ProfitShareResponseProcessorTest.php:277</error>
      </testcase>
    </testsuite>
    <testsuite name="Tourze\WechatPayProfitShareBundle\Tests\Service\ProfitShareReturnServiceTest" file="/home/admin/work/source/php-monorepo/packages/wechat-pay-profit-share-bundle/tests/Service/ProfitShareReturnServiceTest.php" tests="3" assertions="12" errors="0" failures="0" skipped="0" time="0.259452">
      <testcase name="testShouldHaveRunTestsInSeparateProcesses" file="/home/admin/work/source/php-monorepo/packages/phpunit-symfony-kernel-test/src/AbstractIntegrationTestCase.php" line="726" class="Tourze\WechatPayProfitShareBundle\Tests\Service\ProfitShareReturnServiceTest" classname="Tourze.WechatPayProfitShareBundle.Tests.Service.ProfitShareReturnServiceTest" assertions="1" time="0.083478"/>
      <testcase name="testRequestReturnCreatesEntity" file="/home/admin/work/source/php-monorepo/packages/wechat-pay-profit-share-bundle/tests/Service/ProfitShareReturnServiceTest.php" line="28" class="Tourze\WechatPayProfitShareBundle\Tests\Service\ProfitShareReturnServiceTest" classname="Tourze.WechatPayProfitShareBundle.Tests.Service.ProfitShareReturnServiceTest" assertions="5" time="0.087053"/>
      <testcase name="testQueryReturnUpdatesEntity" file="/home/admin/work/source/php-monorepo/packages/wechat-pay-profit-share-bundle/tests/Service/ProfitShareReturnServiceTest.php" line="77" class="Tourze\WechatPayProfitShareBundle\Tests\Service\ProfitShareReturnServiceTest" classname="Tourze.WechatPayProfitShareBundle.Tests.Service.ProfitShareReturnServiceTest" assertions="6" time="0.088922"/>
    </testsuite>
    <testsuite name="Tourze\WechatPayProfitShareBundle\Tests\Service\ProfitShareServiceTest" file="/home/admin/work/source/php-monorepo/packages/wechat-pay-profit-share-bundle/tests/Service/ProfitShareServiceTest.php" tests="4" assertions="8" errors="2" failures="0" skipped="0" time="0.350166">
      <testcase name="testShouldHaveRunTestsInSeparateProcesses" file="/home/admin/work/source/php-monorepo/packages/phpunit-symfony-kernel-test/src/AbstractIntegrationTestCase.php" line="726" class="Tourze\WechatPayProfitShareBundle\Tests\Service\ProfitShareServiceTest" classname="Tourze.WechatPayProfitShareBundle.Tests.Service.ProfitShareServiceTest" assertions="1" time="0.080376"/>
      <testcase name="testRequestProfitShare" file="/home/admin/work/source/php-monorepo/packages/wechat-pay-profit-share-bundle/tests/Service/ProfitShareServiceTest.php" line="31" class="Tourze\WechatPayProfitShareBundle\Tests\Service\ProfitShareServiceTest" classname="Tourze.WechatPayProfitShareBundle.Tests.Service.ProfitShareServiceTest" assertions="7" time="0.089700"/>
      <testcase name="testQueryProfitShareOrderCreatesEntityWhenMissing" file="/home/admin/work/source/php-monorepo/packages/wechat-pay-profit-share-bundle/tests/Service/ProfitShareServiceTest.php" line="103" class="Tourze\WechatPayProfitShareBundle\Tests\Service\ProfitShareServiceTest" classname="Tourze.WechatPayProfitShareBundle.Tests.Service.ProfitShareServiceTest" assertions="0" time="0.090343">
        <error type="Error">Tourze\WechatPayProfitShareBundle\Tests\Service\ProfitShareServiceTest::testQueryProfitShareOrderCreatesEntityWhenMissing
Error: Call to undefined method Tourze\WechatPayProfitShareBundle\Service\ProfitShareService::queryProfitShareOrder()

/home/admin/work/source/php-monorepo/packages/wechat-pay-profit-share-bundle/tests/Service/ProfitShareServiceTest.php:145</error>
      </testcase>
      <testcase name="testUnfreezeRemainingAmount" file="/home/admin/work/source/php-monorepo/packages/wechat-pay-profit-share-bundle/tests/Service/ProfitShareServiceTest.php" line="155" class="Tourze\WechatPayProfitShareBundle\Tests\Service\ProfitShareServiceTest" classname="Tourze.WechatPayProfitShareBundle.Tests.Service.ProfitShareServiceTest" assertions="0" time="0.089746">
        <error type="Error">Tourze\WechatPayProfitShareBundle\Tests\Service\ProfitShareServiceTest::testUnfreezeRemainingAmount
Error: Call to undefined method Tourze\WechatPayProfitShareBundle\Service\ProfitShareService::unfreezeRemainingAmount()

/home/admin/work/source/php-monorepo/packages/wechat-pay-profit-share-bundle/tests/Service/ProfitShareServiceTest.php:202</error>
      </testcase>
    </testsuite>
    <testsuite name="Tourze\WechatPayProfitShareBundle\Tests\WechatPayProfitShareBundleTest" file="/home/admin/work/source/php-monorepo/packages/wechat-pay-profit-share-bundle/tests/WechatPayProfitShareBundleTest.php" tests="12" assertions="40" errors="0" failures="0" skipped="0" time="0.995088">
      <testcase name="testShouldHaveRunTestsInSeparateProcesses" file="/home/admin/work/source/php-monorepo/packages/phpunit-symfony-kernel-test/src/AbstractIntegrationTestCase.php" line="726" class="Tourze\WechatPayProfitShareBundle\Tests\WechatPayProfitShareBundleTest" classname="Tourze.WechatPayProfitShareBundle.Tests.WechatPayProfitShareBundleTest" assertions="1" time="0.084848"/>
      <testcase name="dontOverrideGetPathMethod" file="/home/admin/work/source/php-monorepo/packages/phpunit-symfony-kernel-test/src/AbstractBundleTestCase.php" line="40" class="Tourze\WechatPayProfitShareBundle\Tests\WechatPayProfitShareBundleTest" classname="Tourze.WechatPayProfitShareBundle.Tests.WechatPayProfitShareBundleTest" assertions="3" time="0.081977"/>
      <testcase name="dontOverrideGetContainerExtensionMethod" file="/home/admin/work/source/php-monorepo/packages/phpunit-symfony-kernel-test/src/AbstractBundleTestCase.php" line="54" class="Tourze\WechatPayProfitShareBundle\Tests\WechatPayProfitShareBundleTest" classname="Tourze.WechatPayProfitShareBundle.Tests.WechatPayProfitShareBundleTest" assertions="3" time="0.083170"/>
      <testcase name="testBundleRegisteredKeyExists" file="/home/admin/work/source/php-monorepo/packages/phpunit-symfony-kernel-test/src/AbstractBundleTestCase.php" line="65" class="Tourze\WechatPayProfitShareBundle\Tests\WechatPayProfitShareBundleTest" classname="Tourze.WechatPayProfitShareBundle.Tests.WechatPayProfitShareBundleTest" assertions="3" time="0.082590"/>
      <testcase name="testBundleRegisteredValueExists" file="/home/admin/work/source/php-monorepo/packages/phpunit-symfony-kernel-test/src/AbstractBundleTestCase.php" line="73" class="Tourze\WechatPayProfitShareBundle\Tests\WechatPayProfitShareBundleTest" classname="Tourze.WechatPayProfitShareBundle.Tests.WechatPayProfitShareBundleTest" assertions="3" time="0.081278"/>
      <testcase name="testDependenciesRegistered" file="/home/admin/work/source/php-monorepo/packages/phpunit-symfony-kernel-test/src/AbstractBundleTestCase.php" line="85" class="Tourze\WechatPayProfitShareBundle\Tests\WechatPayProfitShareBundleTest" classname="Tourze.WechatPayProfitShareBundle.Tests.WechatPayProfitShareBundleTest" assertions="5" time="0.082277"/>
      <testcase name="testBundleBuild" file="/home/admin/work/source/php-monorepo/packages/phpunit-symfony-kernel-test/src/AbstractBundleTestCase.php" line="105" class="Tourze\WechatPayProfitShareBundle\Tests\WechatPayProfitShareBundleTest" classname="Tourze.WechatPayProfitShareBundle.Tests.WechatPayProfitShareBundleTest" assertions="5" time="0.088940"/>
      <testcase name="testBundleHasContainerExtension" file="/home/admin/work/source/php-monorepo/packages/phpunit-symfony-kernel-test/src/AbstractBundleTestCase.php" line="124" class="Tourze\WechatPayProfitShareBundle\Tests\WechatPayProfitShareBundleTest" classname="Tourze.WechatPayProfitShareBundle.Tests.WechatPayProfitShareBundleTest" assertions="3" time="0.081118"/>
      <testcase name="testGetBundleDependenciesIsStaticMethod" file="/home/admin/work/source/php-monorepo/packages/phpunit-symfony-kernel-test/src/AbstractBundleTestCase.php" line="135" class="Tourze\WechatPayProfitShareBundle\Tests\WechatPayProfitShareBundleTest" classname="Tourze.WechatPayProfitShareBundle.Tests.WechatPayProfitShareBundleTest" assertions="4" time="0.081704"/>
      <testcase name="testBootShouldNoError" file="/home/admin/work/source/php-monorepo/packages/phpunit-symfony-kernel-test/src/AbstractBundleTestCase.php" line="151" class="Tourze\WechatPayProfitShareBundle\Tests\WechatPayProfitShareBundleTest" classname="Tourze.WechatPayProfitShareBundle.Tests.WechatPayProfitShareBundleTest" assertions="2" time="0.081059"/>
      <testcase name="testBundleCanBeInstantiatedMultipleTimes" file="/home/admin/work/source/php-monorepo/packages/phpunit-symfony-kernel-test/src/AbstractBundleTestCase.php" line="161" class="Tourze\WechatPayProfitShareBundle\Tests\WechatPayProfitShareBundleTest" classname="Tourze.WechatPayProfitShareBundle.Tests.WechatPayProfitShareBundleTest" assertions="5" time="0.082436"/>
      <testcase name="testBundleHasCorrespondingExtension" file="/home/admin/work/source/php-monorepo/packages/phpunit-symfony-kernel-test/src/AbstractBundleTestCase.php" line="174" class="Tourze\WechatPayProfitShareBundle\Tests\WechatPayProfitShareBundleTest" classname="Tourze.WechatPayProfitShareBundle.Tests.WechatPayProfitShareBundleTest" assertions="3" time="0.083690"/>
    </testsuite>
  </testsuite>
</testsuites>
